Build started 4/5/2013 7:27:15 PM.
     1>Project "F:\CMPSC 122\Project\Allegro Game - Copy (2)\Allegro Game\Allegro Game.vcxproj" on node 2 (build target(s)).
     1>InitializeBuildStatus:
         Creating "Debug\Test Some Shit.unsuccessfulbuild" because "AlwaysCreate" was specified.
       ClCompile:
         All outputs are up-to-date.
         C:\Program Files (x86)\Microsoft Visual Studio 10.0\VC\bin\CL.exe /c /I"f:\CMPSC 122\Project\Allegro Game\Allegro_5\include" /ZI /nologo /W3 /WX- /Od /Oy- /D _MBCS /Gm /EHsc /RTC1 /MDd /GS /fp:precise /Zc:wchar_t /Zc:forScope /Fo"Debug\\" /Fd"Debug\vc100.pdb" /Gd /TP /analyze- /errorReport:prompt Person.cpp
         Person.cpp
       Link:
         C:\Program Files (x86)\Microsoft Visual Studio 10.0\VC\bin\link.exe /ERRORREPORT:PROMPT /OUT:"F:\CMPSC 122\Project\Allegro Game - Copy (2)\Debug\Test Some Shit.exe" /NOLOGO /LIBPATH:"f:\CMPSC 122\Project\Allegro Game\Allegro_5\lib" kernel32.lib user32.lib gdi32.lib winspool.lib comdlg32.lib advapi32.lib shell32.lib ole32.lib oleaut32.lib uuid.lib odbc32.lib odbccp32.lib kernel32.lib user32.lib gdi32.lib winspool.lib comdlg32.lib advapi32.lib shell32.lib ole32.lib oleaut32.lib uuid.lib odbc32.lib odbccp32.lib "allegro-5.0.8-monolith-md-debug.lib" /MANIFEST /ManifestFile:"Debug\Test Some Shit.exe.intermediate.manifest" /MANIFESTUAC:"level='asInvoker' uiAccess='false'" /DEBUG /PDB:"F:\CMPSC 122\Project\Allegro Game - Copy (2)\Debug\Test Some Shit.pdb" /TLBID:1 /DYNAMICBASE /NXCOMPAT /IMPLIB:"F:\CMPSC 122\Project\Allegro Game - Copy (2)\Debug\Test Some Shit.lib" /MACHINE:X86 Debug\mappy_A5.obj
         Debug\GameObject.obj
         Debug\main.obj
         Debug\Person.obj
         Debug\SpaceShip.obj
         LINK : F:\CMPSC 122\Project\Allegro Game - Copy (2)\Debug\Test Some Shit.exe not found or not built by the last incremental link; performing full link
         Allegro Game.vcxproj -> F:\CMPSC 122\Project\Allegro Game - Copy (2)\Debug\Test Some Shit.exe
       Manifest:
         C:\Program Files (x86)\Microsoft SDKs\Windows\v7.0A\bin\mt.exe /nologo /verbose /outputresource:"F:\CMPSC 122\Project\Allegro Game - Copy (2)\Debug\Test Some Shit.exe;#1" /manifest "Debug\Test Some Shit.exe.intermediate.manifest"
       FinalizeBuildStatus:
         Deleting file "Debug\Test Some Shit.unsuccessfulbuild".
         Touching "Debug\Test Some Shit.lastbuildstate".
     1>Done Building Project "F:\CMPSC 122\Project\Allegro Game - Copy (2)\Allegro Game\Allegro Game.vcxproj" (build target(s)).

Build succeeded.

Time Elapsed 00:00:17.37
