system   D            wsystem.c:583  maybe_parent_dir                 [   0.00083] Also searching C:\Users\Ted\Desktop\Allegro Game - Copy (2)\
system   D            wsystem.c:633  _al_win_safe_load_library        [   0.00120] PathFindOnPath found: C:\Windows\system32\d3d9.dll
system   D            wsystem.c:544  load_library_at_path             [   0.00124] Calling LoadLibrary C:\Windows\system32\d3d9.dll
system   I            wsystem.c:547  load_library_at_path             [   0.00432] Loaded C:\Windows\system32\d3d9.dll
d3d      I         d3d_disp.cpp:695  _al_d3d_init_display             [   0.03828] Render-to-texture: 1
system   I             system.c:272  al_install_system                [   0.03836] Allegro version: 5.0.8
d3d      I         d3d_disp.cpp:1732 d3d_create_display_locked        [   0.04012] faux_fullscreen=0
d3d      D         d3d_disp.cpp:1733 d3d_create_display_locked        [   0.04017] al_display=0279A238
d3d      D         d3d_disp.cpp:1734 d3d_create_display_locked        [   0.04020] al_display->vt=02798EF8
d3d      I d3d_display_formats.cpp:144  _al_d3d_generate_display_format_list [   0.05047] found 128 format combinations
display  D   display_settings.c:191  debug_display_settings           [   0.05054] color: 32 (rgba 8880), depth: 0, stencil: 0, acc: 0000, samples: 0/0
display  D   display_settings.c:506  _al_score_display_settings       [   0.05058] Score is : 897
display  D   display_settings.c:191  debug_display_settings           [   0.05061] color: 32 (rgba 8880), depth: 0, stencil: 0, acc: 0000, samples: 0/0
display  D   display_settings.c:506  _al_score_display_settings       [   0.05065] Score is : 897
display  D   display_settings.c:191  debug_display_settings           [   0.05067] color: 32 (rgba 8880), depth: 0, stencil: 0, acc: 0000, samples: 2/1
display  D   display_settings.c:506  _al_score_display_settings       [   0.05071] Score is : 726
display  D   display_settings.c:191  debug_display_settings           [   0.05074] color: 32 (rgba 8880), depth: 0, stencil: 0, acc: 0000, samples: 3/1
display  D   display_settings.c:506  _al_score_display_settings       [   0.05077] Score is : 721
display  D   display_settings.c:191  debug_display_settings           [   0.05080] color: 32 (rgba 8880), depth: 24, stencil: 8, acc: 0000, samples: 0/0
display  D   display_settings.c:506  _al_score_display_settings       [   0.05083] Score is : 897
display  D   display_settings.c:191  debug_display_settings           [   0.05086] color: 32 (rgba 8880), depth: 24, stencil: 8, acc: 0000, samples: 0/0
display  D   display_settings.c:506  _al_score_display_settings       [   0.05090] Score is : 897
display  D   display_settings.c:191  debug_display_settings           [   0.05092] color: 32 (rgba 8880), depth: 24, stencil: 8, acc: 0000, samples: 2/1
display  D   display_settings.c:506  _al_score_display_settings       [   0.05096] Score is : 726
display  D   display_settings.c:191  debug_display_settings           [   0.05099] color: 32 (rgba 8880), depth: 24, stencil: 8, acc: 0000, samples: 3/1
display  D   display_settings.c:506  _al_score_display_settings       [   0.05103] Score is : 721
display  D   display_settings.c:191  debug_display_settings           [   0.05105] color: 32 (rgba 8880), depth: 24, stencil: 0, acc: 0000, samples: 0/0
display  D   display_settings.c:506  _al_score_display_settings       [   0.05109] Score is : 897
display  D   display_settings.c:191  debug_display_settings           [   0.05112] color: 32 (rgba 8880), depth: 24, stencil: 0, acc: 0000, samples: 0/0
display  D   display_settings.c:506  _al_score_display_settings       [   0.05115] Score is : 897
display  D   display_settings.c:191  debug_display_settings           [   0.05118] color: 32 (rgba 8880), depth: 24, stencil: 0, acc: 0000, samples: 2/1
display  D   display_settings.c:506  _al_score_display_settings       [   0.05122] Score is : 726
display  D   display_settings.c:191  debug_display_settings           [   0.05124] color: 32 (rgba 8880), depth: 24, stencil: 0, acc: 0000, samples: 3/1
display  D   display_settings.c:506  _al_score_display_settings       [   0.05134] Score is : 721
display  D   display_settings.c:191  debug_display_settings           [   0.05137] color: 32 (rgba 8880), depth: 16, stencil: 0, acc: 0000, samples: 0/0
display  D   display_settings.c:506  _al_score_display_settings       [   0.05139] Score is : 897
display  D   display_settings.c:191  debug_display_settings           [   0.05141] color: 32 (rgba 8880), depth: 16, stencil: 0, acc: 0000, samples: 0/0
display  D   display_settings.c:506  _al_score_display_settings       [   0.05144] Score is : 897
display  D   display_settings.c:191  debug_display_settings           [   0.05146] color: 32 (rgba 8880), depth: 16, stencil: 0, acc: 0000, samples: 2/1
display  D   display_settings.c:506  _al_score_display_settings       [   0.05148] Score is : 726
display  D   display_settings.c:191  debug_display_settings           [   0.05150] color: 32 (rgba 8880), depth: 16, stencil: 0, acc: 0000, samples: 3/1
display  D   display_settings.c:506  _al_score_display_settings       [   0.05152] Score is : 721
display  D   display_settings.c:191  debug_display_settings           [   0.05154] color: 16 (rgba 5650), depth: 0, stencil: 0, acc: 0000, samples: 0/0
display  D   display_settings.c:506  _al_score_display_settings       [   0.05157] Score is : 897
display  D   display_settings.c:191  debug_display_settings           [   0.05159] color: 16 (rgba 5650), depth: 0, stencil: 0, acc: 0000, samples: 0/0
display  D   display_settings.c:506  _al_score_display_settings       [   0.05161] Score is : 897
display  D   display_settings.c:191  debug_display_settings           [   0.05163] color: 16 (rgba 5650), depth: 0, stencil: 0, acc: 0000, samples: 2/1
display  D   display_settings.c:506  _al_score_display_settings       [   0.05166] Score is : 726
display  D   display_settings.c:191  debug_display_settings           [   0.05168] color: 16 (rgba 5650), depth: 0, stencil: 0, acc: 0000, samples: 3/1
display  D   display_settings.c:506  _al_score_display_settings       [   0.05170] Score is : 721
display  D   display_settings.c:191  debug_display_settings           [   0.05172] color: 16 (rgba 5650), depth: 24, stencil: 8, acc: 0000, samples: 0/0
display  D   display_settings.c:506  _al_score_display_settings       [   0.05174] Score is : 897
display  D   display_settings.c:191  debug_display_settings           [   0.05176] color: 16 (rgba 5650), depth: 24, stencil: 8, acc: 0000, samples: 0/0
display  D   display_settings.c:506  _al_score_display_settings       [   0.05178] Score is : 897
display  D   display_settings.c:191  debug_display_settings           [   0.05180] color: 16 (rgba 5650), depth: 24, stencil: 8, acc: 0000, samples: 2/1
display  D   display_settings.c:506  _al_score_display_settings       [   0.05183] Score is : 726
display  D   display_settings.c:191  debug_display_settings           [   0.05184] color: 16 (rgba 5650), depth: 24, stencil: 8, acc: 0000, samples: 3/1
display  D   display_settings.c:506  _al_score_display_settings       [   0.05187] Score is : 721
display  D   display_settings.c:191  debug_display_settings           [   0.05189] color: 16 (rgba 5650), depth: 24, stencil: 0, acc: 0000, samples: 0/0
display  D   display_settings.c:506  _al_score_display_settings       [   0.05191] Score is : 897
display  D   display_settings.c:191  debug_display_settings           [   0.05193] color: 16 (rgba 5650), depth: 24, stencil: 0, acc: 0000, samples: 0/0
display  D   display_settings.c:506  _al_score_display_settings       [   0.05195] Score is : 897
display  D   display_settings.c:191  debug_display_settings           [   0.05197] color: 16 (rgba 5650), depth: 24, stencil: 0, acc: 0000, samples: 2/1
display  D   display_settings.c:506  _al_score_display_settings       [   0.05200] Score is : 726
display  D   display_settings.c:191  debug_display_settings           [   0.05201] color: 16 (rgba 5650), depth: 24, stencil: 0, acc: 0000, samples: 3/1
display  D   display_settings.c:506  _al_score_display_settings       [   0.05204] Score is : 721
display  D   display_settings.c:191  debug_display_settings           [   0.05206] color: 16 (rgba 5650), depth: 16, stencil: 0, acc: 0000, samples: 0/0
display  D   display_settings.c:506  _al_score_display_settings       [   0.05208] Score is : 897
display  D   display_settings.c:191  debug_display_settings           [   0.05210] color: 16 (rgba 5650), depth: 16, stencil: 0, acc: 0000, samples: 0/0
display  D   display_settings.c:506  _al_score_display_settings       [   0.05213] Score is : 897
display  D   display_settings.c:191  debug_display_settings           [   0.05214] color: 16 (rgba 5650), depth: 16, stencil: 0, acc: 0000, samples: 2/1
display  D   display_settings.c:506  _al_score_display_settings       [   0.05217] Score is : 726
display  D   display_settings.c:191  debug_display_settings           [   0.05219] color: 16 (rgba 5650), depth: 16, stencil: 0, acc: 0000, samples: 3/1
display  D   display_settings.c:506  _al_score_display_settings       [   0.05221] Score is : 721
display  D   display_settings.c:191  debug_display_settings           [   0.05224] color: 32 (rgba 8880), depth: 0, stencil: 0, acc: 0000, samples: 0/0
display  D   display_settings.c:377  _al_score_display_settings       [   0.05228] Single Buffer requirement not met.
display  D   display_settings.c:191  debug_display_settings           [   0.05231] color: 32 (rgba 8880), depth: 0, stencil: 0, acc: 0000, samples: 0/0
display  D   display_settings.c:377  _al_score_display_settings       [   0.05235] Single Buffer requirement not met.
display  D   display_settings.c:191  debug_display_settings           [   0.05238] color: 32 (rgba 8880), depth: 0, stencil: 0, acc: 0000, samples: 2/1
display  D   display_settings.c:377  _al_score_display_settings       [   0.05242] Single Buffer requirement not met.
display  D   display_settings.c:191  debug_display_settings           [   0.05246] color: 32 (rgba 8880), depth: 0, stencil: 0, acc: 0000, samples: 3/1
display  D   display_settings.c:377  _al_score_display_settings       [   0.05250] Single Buffer requirement not met.
display  D   display_settings.c:191  debug_display_settings           [   0.05252] color: 32 (rgba 8880), depth: 24, stencil: 8, acc: 0000, samples: 0/0
display  D   display_settings.c:377  _al_score_display_settings       [   0.05256] Single Buffer requirement not met.
display  D   display_settings.c:191  debug_display_settings           [   0.05259] color: 32 (rgba 8880), depth: 24, stencil: 8, acc: 0000, samples: 0/0
display  D   display_settings.c:377  _al_score_display_settings       [   0.05263] Single Buffer requirement not met.
display  D   display_settings.c:191  debug_display_settings           [   0.05265] color: 32 (rgba 8880), depth: 24, stencil: 8, acc: 0000, samples: 2/1
display  D   display_settings.c:377  _al_score_display_settings       [   0.05268] Single Buffer requirement not met.
display  D   display_settings.c:191  debug_display_settings           [   0.05271] color: 32 (rgba 8880), depth: 24, stencil: 8, acc: 0000, samples: 3/1
display  D   display_settings.c:377  _al_score_display_settings       [   0.05274] Single Buffer requirement not met.
display  D   display_settings.c:191  debug_display_settings           [   0.05277] color: 32 (rgba 8880), depth: 24, stencil: 0, acc: 0000, samples: 0/0
display  D   display_settings.c:377  _al_score_display_settings       [   0.05280] Single Buffer requirement not met.
display  D   display_settings.c:191  debug_display_settings           [   0.05282] color: 32 (rgba 8880), depth: 24, stencil: 0, acc: 0000, samples: 0/0
display  D   display_settings.c:377  _al_score_display_settings       [   0.05284] Single Buffer requirement not met.
display  D   display_settings.c:191  debug_display_settings           [   0.05286] color: 32 (rgba 8880), depth: 24, stencil: 0, acc: 0000, samples: 2/1
display  D   display_settings.c:377  _al_score_display_settings       [   0.05288] Single Buffer requirement not met.
display  D   display_settings.c:191  debug_display_settings           [   0.05290] color: 32 (rgba 8880), depth: 24, stencil: 0, acc: 0000, samples: 3/1
display  D   display_settings.c:377  _al_score_display_settings       [   0.05293] Single Buffer requirement not met.
display  D   display_settings.c:191  debug_display_settings           [   0.05296] color: 32 (rgba 8880), depth: 16, stencil: 0, acc: 0000, samples: 0/0
display  D   display_settings.c:377  _al_score_display_settings       [   0.05300] Single Buffer requirement not met.
display  D   display_settings.c:191  debug_display_settings           [   0.05302] color: 32 (rgba 8880), depth: 16, stencil: 0, acc: 0000, samples: 0/0
display  D   display_settings.c:377  _al_score_display_settings       [   0.05306] Single Buffer requirement not met.
display  D   display_settings.c:191  debug_display_settings           [   0.05308] color: 32 (rgba 8880), depth: 16, stencil: 0, acc: 0000, samples: 2/1
display  D   display_settings.c:377  _al_score_display_settings       [   0.05312] Single Buffer requirement not met.
display  D   display_settings.c:191  debug_display_settings           [   0.05315] color: 32 (rgba 8880), depth: 16, stencil: 0, acc: 0000, samples: 3/1
display  D   display_settings.c:377  _al_score_display_settings       [   0.05318] Single Buffer requirement not met.
display  D   display_settings.c:191  debug_display_settings           [   0.05321] color: 16 (rgba 5650), depth: 0, stencil: 0, acc: 0000, samples: 0/0
display  D   display_settings.c:377  _al_score_display_settings       [   0.05325] Single Buffer requirement not met.
display  D   display_settings.c:191  debug_display_settings           [   0.05328] color: 16 (rgba 5650), depth: 0, stencil: 0, acc: 0000, samples: 0/0
display  D   display_settings.c:377  _al_score_display_settings       [   0.05331] Single Buffer requirement not met.
display  D   display_settings.c:191  debug_display_settings           [   0.05334] color: 16 (rgba 5650), depth: 0, stencil: 0, acc: 0000, samples: 2/1
display  D   display_settings.c:377  _al_score_display_settings       [   0.05337] Single Buffer requirement not met.
display  D   display_settings.c:191  debug_display_settings           [   0.05340] color: 16 (rgba 5650), depth: 0, stencil: 0, acc: 0000, samples: 3/1
display  D   display_settings.c:377  _al_score_display_settings       [   0.05343] Single Buffer requirement not met.
display  D   display_settings.c:191  debug_display_settings           [   0.05346] color: 16 (rgba 5650), depth: 24, stencil: 8, acc: 0000, samples: 0/0
display  D   display_settings.c:377  _al_score_display_settings       [   0.05350] Single Buffer requirement not met.
display  D   display_settings.c:191  debug_display_settings           [   0.05352] color: 16 (rgba 5650), depth: 24, stencil: 8, acc: 0000, samples: 0/0
display  D   display_settings.c:377  _al_score_display_settings       [   0.05357] Single Buffer requirement not met.
display  D   display_settings.c:191  debug_display_settings           [   0.05359] color: 16 (rgba 5650), depth: 24, stencil: 8, acc: 0000, samples: 2/1
display  D   display_settings.c:377  _al_score_display_settings       [   0.05363] Single Buffer requirement not met.
display  D   display_settings.c:191  debug_display_settings           [   0.05366] color: 16 (rgba 5650), depth: 24, stencil: 8, acc: 0000, samples: 3/1
display  D   display_settings.c:377  _al_score_display_settings       [   0.05369] Single Buffer requirement not met.
display  D   display_settings.c:191  debug_display_settings           [   0.05372] color: 16 (rgba 5650), depth: 24, stencil: 0, acc: 0000, samples: 0/0
display  D   display_settings.c:377  _al_score_display_settings       [   0.05376] Single Buffer requirement not met.
display  D   display_settings.c:191  debug_display_settings           [   0.05378] color: 16 (rgba 5650), depth: 24, stencil: 0, acc: 0000, samples: 0/0
display  D   display_settings.c:377  _al_score_display_settings       [   0.05382] Single Buffer requirement not met.
display  D   display_settings.c:191  debug_display_settings           [   0.05385] color: 16 (rgba 5650), depth: 24, stencil: 0, acc: 0000, samples: 2/1
display  D   display_settings.c:377  _al_score_display_settings       [   0.05394] Single Buffer requirement not met.
display  D   display_settings.c:191  debug_display_settings           [   0.05397] color: 16 (rgba 5650), depth: 24, stencil: 0, acc: 0000, samples: 3/1
display  D   display_settings.c:377  _al_score_display_settings       [   0.05401] Single Buffer requirement not met.
display  D   display_settings.c:191  debug_display_settings           [   0.05403] color: 16 (rgba 5650), depth: 16, stencil: 0, acc: 0000, samples: 0/0
display  D   display_settings.c:377  _al_score_display_settings       [   0.05407] Single Buffer requirement not met.
display  D   display_settings.c:191  debug_display_settings           [   0.05410] color: 16 (rgba 5650), depth: 16, stencil: 0, acc: 0000, samples: 0/0
display  D   display_settings.c:377  _al_score_display_settings       [   0.05413] Single Buffer requirement not met.
display  D   display_settings.c:191  debug_display_settings           [   0.05416] color: 16 (rgba 5650), depth: 16, stencil: 0, acc: 0000, samples: 2/1
display  D   display_settings.c:377  _al_score_display_settings       [   0.05419] Single Buffer requirement not met.
display  D   display_settings.c:191  debug_display_settings           [   0.05422] color: 16 (rgba 5650), depth: 16, stencil: 0, acc: 0000, samples: 3/1
display  D   display_settings.c:377  _al_score_display_settings       [   0.05425] Single Buffer requirement not met.
display  D   display_settings.c:191  debug_display_settings           [   0.05427] color: 32 (rgba 8880), depth: 0, stencil: 0, acc: 0000, samples: 0/0
display  D   display_settings.c:506  _al_score_display_settings       [   0.05431] Score is : 769
display  D   display_settings.c:191  debug_display_settings           [   0.05433] color: 32 (rgba 8880), depth: 0, stencil: 0, acc: 0000, samples: 0/0
display  D   display_settings.c:506  _al_score_display_settings       [   0.05437] Score is : 769
display  D   display_settings.c:191  debug_display_settings           [   0.05439] color: 32 (rgba 8880), depth: 0, stencil: 0, acc: 0000, samples: 2/1
display  D   display_settings.c:506  _al_score_display_settings       [   0.05443] Score is : 598
display  D   display_settings.c:191  debug_display_settings           [   0.05446] color: 32 (rgba 8880), depth: 0, stencil: 0, acc: 0000, samples: 3/1
display  D   display_settings.c:506  _al_score_display_settings       [   0.05449] Score is : 593
display  D   display_settings.c:191  debug_display_settings           [   0.05452] color: 32 (rgba 8880), depth: 24, stencil: 8, acc: 0000, samples: 0/0
display  D   display_settings.c:506  _al_score_display_settings       [   0.05457] Score is : 769
display  D   display_settings.c:191  debug_display_settings           [   0.05460] color: 32 (rgba 8880), depth: 24, stencil: 8, acc: 0000, samples: 0/0
display  D   display_settings.c:506  _al_score_display_settings       [   0.05464] Score is : 769
display  D   display_settings.c:191  debug_display_settings           [   0.05466] color: 32 (rgba 8880), depth: 24, stencil: 8, acc: 0000, samples: 2/1
display  D   display_settings.c:506  _al_score_display_settings       [   0.05470] Score is : 598
display  D   display_settings.c:191  debug_display_settings           [   0.05473] color: 32 (rgba 8880), depth: 24, stencil: 8, acc: 0000, samples: 3/1
display  D   display_settings.c:506  _al_score_display_settings       [   0.05477] Score is : 593
display  D   display_settings.c:191  debug_display_settings           [   0.05479] color: 32 (rgba 8880), depth: 24, stencil: 0, acc: 0000, samples: 0/0
display  D   display_settings.c:506  _al_score_display_settings       [   0.05483] Score is : 769
display  D   display_settings.c:191  debug_display_settings           [   0.05486] color: 32 (rgba 8880), depth: 24, stencil: 0, acc: 0000, samples: 0/0
display  D   display_settings.c:506  _al_score_display_settings       [   0.05489] Score is : 769
display  D   display_settings.c:191  debug_display_settings           [   0.05492] color: 32 (rgba 8880), depth: 24, stencil: 0, acc: 0000, samples: 2/1
display  D   display_settings.c:506  _al_score_display_settings       [   0.05496] Score is : 598
display  D   display_settings.c:191  debug_display_settings           [   0.05498] color: 32 (rgba 8880), depth: 24, stencil: 0, acc: 0000, samples: 3/1
display  D   display_settings.c:506  _al_score_display_settings       [   0.05500] Score is : 593
display  D   display_settings.c:191  debug_display_settings           [   0.05502] color: 32 (rgba 8880), depth: 16, stencil: 0, acc: 0000, samples: 0/0
display  D   display_settings.c:506  _al_score_display_settings       [   0.05504] Score is : 769
display  D   display_settings.c:191  debug_display_settings           [   0.05506] color: 32 (rgba 8880), depth: 16, stencil: 0, acc: 0000, samples: 0/0
display  D   display_settings.c:506  _al_score_display_settings       [   0.05509] Score is : 769
display  D   display_settings.c:191  debug_display_settings           [   0.05510] color: 32 (rgba 8880), depth: 16, stencil: 0, acc: 0000, samples: 2/1
display  D   display_settings.c:506  _al_score_display_settings       [   0.05513] Score is : 598
display  D   display_settings.c:191  debug_display_settings           [   0.05515] color: 32 (rgba 8880), depth: 16, stencil: 0, acc: 0000, samples: 3/1
display  D   display_settings.c:506  _al_score_display_settings       [   0.05517] Score is : 593
display  D   display_settings.c:191  debug_display_settings           [   0.05519] color: 16 (rgba 5650), depth: 0, stencil: 0, acc: 0000, samples: 0/0
display  D   display_settings.c:506  _al_score_display_settings       [   0.05521] Score is : 769
display  D   display_settings.c:191  debug_display_settings           [   0.05523] color: 16 (rgba 5650), depth: 0, stencil: 0, acc: 0000, samples: 0/0
display  D   display_settings.c:506  _al_score_display_settings       [   0.05526] Score is : 769
display  D   display_settings.c:191  debug_display_settings           [   0.05527] color: 16 (rgba 5650), depth: 0, stencil: 0, acc: 0000, samples: 2/1
display  D   display_settings.c:506  _al_score_display_settings       [   0.05530] Score is : 598
display  D   display_settings.c:191  debug_display_settings           [   0.05532] color: 16 (rgba 5650), depth: 0, stencil: 0, acc: 0000, samples: 3/1
display  D   display_settings.c:506  _al_score_display_settings       [   0.05534] Score is : 593
display  D   display_settings.c:191  debug_display_settings           [   0.05536] color: 16 (rgba 5650), depth: 24, stencil: 8, acc: 0000, samples: 0/0
display  D   display_settings.c:506  _al_score_display_settings       [   0.05538] Score is : 769
display  D   display_settings.c:191  debug_display_settings           [   0.05540] color: 16 (rgba 5650), depth: 24, stencil: 8, acc: 0000, samples: 0/0
display  D   display_settings.c:506  _al_score_display_settings       [   0.05543] Score is : 769
display  D   display_settings.c:191  debug_display_settings           [   0.05544] color: 16 (rgba 5650), depth: 24, stencil: 8, acc: 0000, samples: 2/1
display  D   display_settings.c:506  _al_score_display_settings       [   0.05547] Score is : 598
display  D   display_settings.c:191  debug_display_settings           [   0.05549] color: 16 (rgba 5650), depth: 24, stencil: 8, acc: 0000, samples: 3/1
display  D   display_settings.c:506  _al_score_display_settings       [   0.05551] Score is : 593
display  D   display_settings.c:191  debug_display_settings           [   0.05553] color: 16 (rgba 5650), depth: 24, stencil: 0, acc: 0000, samples: 0/0
display  D   display_settings.c:506  _al_score_display_settings       [   0.05555] Score is : 769
display  D   display_settings.c:191  debug_display_settings           [   0.05557] color: 16 (rgba 5650), depth: 24, stencil: 0, acc: 0000, samples: 0/0
display  D   display_settings.c:506  _al_score_display_settings       [   0.05560] Score is : 769
display  D   display_settings.c:191  debug_display_settings           [   0.05562] color: 16 (rgba 5650), depth: 24, stencil: 0, acc: 0000, samples: 2/1
display  D   display_settings.c:506  _al_score_display_settings       [   0.05564] Score is : 598
display  D   display_settings.c:191  debug_display_settings           [   0.05566] color: 16 (rgba 5650), depth: 24, stencil: 0, acc: 0000, samples: 3/1
display  D   display_settings.c:506  _al_score_display_settings       [   0.05569] Score is : 593
display  D   display_settings.c:191  debug_display_settings           [   0.05570] color: 16 (rgba 5650), depth: 16, stencil: 0, acc: 0000, samples: 0/0
display  D   display_settings.c:506  _al_score_display_settings       [   0.05573] Score is : 769
display  D   display_settings.c:191  debug_display_settings           [   0.05575] color: 16 (rgba 5650), depth: 16, stencil: 0, acc: 0000, samples: 0/0
display  D   display_settings.c:506  _al_score_display_settings       [   0.05577] Score is : 769
display  D   display_settings.c:191  debug_display_settings           [   0.05579] color: 16 (rgba 5650), depth: 16, stencil: 0, acc: 0000, samples: 2/1
display  D   display_settings.c:506  _al_score_display_settings       [   0.05581] Score is : 598
display  D   display_settings.c:191  debug_display_settings           [   0.05583] color: 16 (rgba 5650), depth: 16, stencil: 0, acc: 0000, samples: 3/1
display  D   display_settings.c:506  _al_score_display_settings       [   0.05586] Score is : 593
display  D   display_settings.c:191  debug_display_settings           [   0.05587] color: 32 (rgba 8880), depth: 0, stencil: 0, acc: 0000, samples: 0/0
display  D   display_settings.c:377  _al_score_display_settings       [   0.05590] Single Buffer requirement not met.
display  D   display_settings.c:191  debug_display_settings           [   0.05592] color: 32 (rgba 8880), depth: 0, stencil: 0, acc: 0000, samples: 0/0
display  D   display_settings.c:377  _al_score_display_settings       [   0.05594] Single Buffer requirement not met.
display  D   display_settings.c:191  debug_display_settings           [   0.05596] color: 32 (rgba 8880), depth: 0, stencil: 0, acc: 0000, samples: 2/1
display  D   display_settings.c:377  _al_score_display_settings       [   0.05598] Single Buffer requirement not met.
display  D   display_settings.c:191  debug_display_settings           [   0.05600] color: 32 (rgba 8880), depth: 0, stencil: 0, acc: 0000, samples: 3/1
display  D   display_settings.c:377  _al_score_display_settings       [   0.05603] Single Buffer requirement not met.
display  D   display_settings.c:191  debug_display_settings           [   0.05604] color: 32 (rgba 8880), depth: 24, stencil: 8, acc: 0000, samples: 0/0
display  D   display_settings.c:377  _al_score_display_settings       [   0.05607] Single Buffer requirement not met.
display  D   display_settings.c:191  debug_display_settings           [   0.05609] color: 32 (rgba 8880), depth: 24, stencil: 8, acc: 0000, samples: 0/0
display  D   display_settings.c:377  _al_score_display_settings       [   0.05611] Single Buffer requirement not met.
display  D   display_settings.c:191  debug_display_settings           [   0.05613] color: 32 (rgba 8880), depth: 24, stencil: 8, acc: 0000, samples: 2/1
display  D   display_settings.c:377  _al_score_display_settings       [   0.05615] Single Buffer requirement not met.
display  D   display_settings.c:191  debug_display_settings           [   0.05617] color: 32 (rgba 8880), depth: 24, stencil: 8, acc: 0000, samples: 3/1
display  D   display_settings.c:377  _al_score_display_settings       [   0.05620] Single Buffer requirement not met.
display  D   display_settings.c:191  debug_display_settings           [   0.05622] color: 32 (rgba 8880), depth: 24, stencil: 0, acc: 0000, samples: 0/0
display  D   display_settings.c:377  _al_score_display_settings       [   0.05624] Single Buffer requirement not met.
display  D   display_settings.c:191  debug_display_settings           [   0.05627] color: 32 (rgba 8880), depth: 24, stencil: 0, acc: 0000, samples: 0/0
display  D   display_settings.c:377  _al_score_display_settings       [   0.05629] Single Buffer requirement not met.
display  D   display_settings.c:191  debug_display_settings           [   0.05631] color: 32 (rgba 8880), depth: 24, stencil: 0, acc: 0000, samples: 2/1
display  D   display_settings.c:377  _al_score_display_settings       [   0.05634] Single Buffer requirement not met.
display  D   display_settings.c:191  debug_display_settings           [   0.05635] color: 32 (rgba 8880), depth: 24, stencil: 0, acc: 0000, samples: 3/1
display  D   display_settings.c:377  _al_score_display_settings       [   0.05638] Single Buffer requirement not met.
display  D   display_settings.c:191  debug_display_settings           [   0.05640] color: 32 (rgba 8880), depth: 16, stencil: 0, acc: 0000, samples: 0/0
display  D   display_settings.c:377  _al_score_display_settings       [   0.05642] Single Buffer requirement not met.
display  D   display_settings.c:191  debug_display_settings           [   0.05644] color: 32 (rgba 8880), depth: 16, stencil: 0, acc: 0000, samples: 0/0
display  D   display_settings.c:377  _al_score_display_settings       [   0.05647] Single Buffer requirement not met.
display  D   display_settings.c:191  debug_display_settings           [   0.05648] color: 32 (rgba 8880), depth: 16, stencil: 0, acc: 0000, samples: 2/1
display  D   display_settings.c:377  _al_score_display_settings       [   0.05651] Single Buffer requirement not met.
display  D   display_settings.c:191  debug_display_settings           [   0.05653] color: 32 (rgba 8880), depth: 16, stencil: 0, acc: 0000, samples: 3/1
display  D   display_settings.c:377  _al_score_display_settings       [   0.05655] Single Buffer requirement not met.
display  D   display_settings.c:191  debug_display_settings           [   0.05658] color: 16 (rgba 5650), depth: 0, stencil: 0, acc: 0000, samples: 0/0
display  D   display_settings.c:377  _al_score_display_settings       [   0.05660] Single Buffer requirement not met.
display  D   display_settings.c:191  debug_display_settings           [   0.05662] color: 16 (rgba 5650), depth: 0, stencil: 0, acc: 0000, samples: 0/0
display  D   display_settings.c:377  _al_score_display_settings       [   0.05665] Single Buffer requirement not met.
display  D   display_settings.c:191  debug_display_settings           [   0.05667] color: 16 (rgba 5650), depth: 0, stencil: 0, acc: 0000, samples: 2/1
display  D   display_settings.c:377  _al_score_display_settings       [   0.05669] Single Buffer requirement not met.
display  D   display_settings.c:191  debug_display_settings           [   0.05671] color: 16 (rgba 5650), depth: 0, stencil: 0, acc: 0000, samples: 3/1
display  D   display_settings.c:377  _al_score_display_settings       [   0.05673] Single Buffer requirement not met.
display  D   display_settings.c:191  debug_display_settings           [   0.05675] color: 16 (rgba 5650), depth: 24, stencil: 8, acc: 0000, samples: 0/0
display  D   display_settings.c:377  _al_score_display_settings       [   0.05678] Single Buffer requirement not met.
display  D   display_settings.c:191  debug_display_settings           [   0.05680] color: 16 (rgba 5650), depth: 24, stencil: 8, acc: 0000, samples: 0/0
display  D   display_settings.c:377  _al_score_display_settings       [   0.05682] Single Buffer requirement not met.
display  D   display_settings.c:191  debug_display_settings           [   0.05684] color: 16 (rgba 5650), depth: 24, stencil: 8, acc: 0000, samples: 2/1
display  D   display_settings.c:377  _al_score_display_settings       [   0.05686] Single Buffer requirement not met.
display  D   display_settings.c:191  debug_display_settings           [   0.05688] color: 16 (rgba 5650), depth: 24, stencil: 8, acc: 0000, samples: 3/1
display  D   display_settings.c:377  _al_score_display_settings       [   0.05691] Single Buffer requirement not met.
display  D   display_settings.c:191  debug_display_settings           [   0.05692] color: 16 (rgba 5650), depth: 24, stencil: 0, acc: 0000, samples: 0/0
display  D   display_settings.c:377  _al_score_display_settings       [   0.05699] Single Buffer requirement not met.
display  D   display_settings.c:191  debug_display_settings           [   0.05701] color: 16 (rgba 5650), depth: 24, stencil: 0, acc: 0000, samples: 0/0
display  D   display_settings.c:377  _al_score_display_settings       [   0.05703] Single Buffer requirement not met.
display  D   display_settings.c:191  debug_display_settings           [   0.05705] color: 16 (rgba 5650), depth: 24, stencil: 0, acc: 0000, samples: 2/1
display  D   display_settings.c:377  _al_score_display_settings       [   0.05708] Single Buffer requirement not met.
display  D   display_settings.c:191  debug_display_settings           [   0.05709] color: 16 (rgba 5650), depth: 24, stencil: 0, acc: 0000, samples: 3/1
display  D   display_settings.c:377  _al_score_display_settings       [   0.05712] Single Buffer requirement not met.
display  D   display_settings.c:191  debug_display_settings           [   0.05714] color: 16 (rgba 5650), depth: 16, stencil: 0, acc: 0000, samples: 0/0
display  D   display_settings.c:377  _al_score_display_settings       [   0.05716] Single Buffer requirement not met.
display  D   display_settings.c:191  debug_display_settings           [   0.05718] color: 16 (rgba 5650), depth: 16, stencil: 0, acc: 0000, samples: 0/0
display  D   display_settings.c:377  _al_score_display_settings       [   0.05721] Single Buffer requirement not met.
display  D   display_settings.c:191  debug_display_settings           [   0.05722] color: 16 (rgba 5650), depth: 16, stencil: 0, acc: 0000, samples: 2/1
display  D   display_settings.c:377  _al_score_display_settings       [   0.05725] Single Buffer requirement not met.
display  D   display_settings.c:191  debug_display_settings           [   0.05727] color: 16 (rgba 5650), depth: 16, stencil: 0, acc: 0000, samples: 3/1
display  D   display_settings.c:377  _al_score_display_settings       [   0.05729] Single Buffer requirement not met.
d3d      D         d3d_disp.cpp:1640 d3d_create_display_internals     [   0.05734] Trying format 0.
d3d      I         d3d_disp.cpp:1325 d3d_display_thread_proc          [   0.05777] Chose a display format: 23
d3d      I         d3d_disp.cpp:1394 d3d_display_thread_proc          [   0.05782] Normal window.
d3d      I         d3d_disp.cpp:800  d3d_create_device                [   0.07123] Using no depth stencil buffer
d3d      D         d3d_disp.cpp:865  d3d_create_device                [   0.10204] BeginScene succeeded in create_device
d3d      D         d3d_disp.cpp:873  d3d_create_device                [   0.10211] Success
d3d      D         d3d_disp.cpp:1663 d3d_create_display_internals     [   0.10215] Resumed after wait.
d3d      I         d3d_disp.cpp:1696 d3d_create_display_internals     [   0.10222] Format 0 succeeded.
d3d      D         d3d_disp.cpp:1719 d3d_create_display_internals     [   0.10226] Returning d3d_display: 0279A238
d3d      D         d3d_disp.cpp:1744 d3d_create_display_locked        [   0.10228] al_display=0279A238
d3d      D         d3d_disp.cpp:1745 d3d_create_display_locked        [   0.10230] al_display->vt=02798EF8
font     D                ttf.c:786  al_load_ttf_font_stretch_f       [   0.10438] Font arial.ttf loaded with pixel size 0 x 18.
font     D                ttf.c:788  al_load_ttf_font_stretch_f       [   0.10442]     ascent=16.0, descent=-4.0, height=21.0
dtor     D               dtor.c:184  _al_register_destructor          [   0.10446] added dtor for object 02798EB8, func 665E1B63
font     D                ttf.c:786  al_load_ttf_font_stretch_f       [   0.10501] Font arial.ttf loaded with pixel size 0 x 24.
font     D                ttf.c:788  al_load_ttf_font_stretch_f       [   0.10503]     ascent=22.0, descent=-5.0, height=28.0
dtor     D               dtor.c:184  _al_register_destructor          [   0.10507] added dtor for object 02649BC0, func 665E1B63
d3d      D         d3d_disp.cpp:1165 real_choose_bitmap_format        [   0.10614] Fake format
d3d      D         d3d_disp.cpp:1165 real_choose_bitmap_format        [   0.10617] Fake format
d3d      D         d3d_disp.cpp:1165 real_choose_bitmap_format        [   0.10622] Fake format
d3d      D         d3d_disp.cpp:1165 real_choose_bitmap_format        [   0.10624] Fake format
d3d      D         d3d_disp.cpp:1165 real_choose_bitmap_format        [   0.10625] Fake format
d3d      D         d3d_disp.cpp:1165 real_choose_bitmap_format        [   0.10627] Fake format
d3d      D         d3d_disp.cpp:1165 real_choose_bitmap_format        [   0.10629] Fake format
d3d      D         d3d_disp.cpp:1165 real_choose_bitmap_format        [   0.10630] Fake format
d3d      D         d3d_disp.cpp:1165 real_choose_bitmap_format        [   0.10632] Fake format
d3d      D         d3d_disp.cpp:1173 real_choose_bitmap_format        [   0.10634] Alpha doesn't match
d3d      D         d3d_disp.cpp:1180 real_choose_bitmap_format        [   0.10636] Adapter format is 23
d3d      D         d3d_disp.cpp:1183 real_choose_bitmap_format        [   0.10638] Found a format
d3d      I         d3d_disp.cpp:2289 _al_d3d_create_bitmap            [   0.10640] Chose bitmap format 9
dtor     D               dtor.c:184  _al_register_destructor          [   0.10703] added dtor for object 0266CD70, func 665E259F
d3d      D          d3d_bmp.cpp:455  _al_d3d_sync_bitmap              [   0.12211] _al_d3d_sync_bitmap (system) ref count == 1
d3d      D          d3d_bmp.cpp:460  _al_d3d_sync_bitmap              [   0.12219] _al_d3d_sync_bitmap (video) ref count == 1
d3d      D         d3d_disp.cpp:1165 real_choose_bitmap_format        [   0.13154] Fake format
d3d      D         d3d_disp.cpp:1165 real_choose_bitmap_format        [   0.13158] Fake format
d3d      D         d3d_disp.cpp:1165 real_choose_bitmap_format        [   0.13161] Fake format
d3d      D         d3d_disp.cpp:1165 real_choose_bitmap_format        [   0.13162] Fake format
d3d      D         d3d_disp.cpp:1165 real_choose_bitmap_format        [   0.13164] Fake format
d3d      D         d3d_disp.cpp:1165 real_choose_bitmap_format        [   0.13166] Fake format
d3d      D         d3d_disp.cpp:1165 real_choose_bitmap_format        [   0.13167] Fake format
d3d      D         d3d_disp.cpp:1165 real_choose_bitmap_format        [   0.13169] Fake format
d3d      D         d3d_disp.cpp:1165 real_choose_bitmap_format        [   0.13171] Fake format
d3d      D         d3d_disp.cpp:1173 real_choose_bitmap_format        [   0.13173] Alpha doesn't match
d3d      D         d3d_disp.cpp:1180 real_choose_bitmap_format        [   0.13174] Adapter format is 23
d3d      D         d3d_disp.cpp:1183 real_choose_bitmap_format        [   0.13176] Found a format
d3d      I         d3d_disp.cpp:2289 _al_d3d_create_bitmap            [   0.13178] Chose bitmap format 9
dtor     D               dtor.c:184  _al_register_destructor          [   0.13270] added dtor for object 0266CE70, func 665E259F
d3d      D          d3d_bmp.cpp:455  _al_d3d_sync_bitmap              [   0.14108] _al_d3d_sync_bitmap (system) ref count == 1
d3d      D          d3d_bmp.cpp:460  _al_d3d_sync_bitmap              [   0.14124] _al_d3d_sync_bitmap (video) ref count == 1
d3d      D         d3d_disp.cpp:1165 real_choose_bitmap_format        [   0.14780] Fake format
d3d      D         d3d_disp.cpp:1165 real_choose_bitmap_format        [   0.14785] Fake format
d3d      D         d3d_disp.cpp:1165 real_choose_bitmap_format        [   0.14787] Fake format
d3d      D         d3d_disp.cpp:1165 real_choose_bitmap_format        [   0.14788] Fake format
d3d      D         d3d_disp.cpp:1165 real_choose_bitmap_format        [   0.14790] Fake format
d3d      D         d3d_disp.cpp:1165 real_choose_bitmap_format        [   0.14792] Fake format
d3d      D         d3d_disp.cpp:1165 real_choose_bitmap_format        [   0.14793] Fake format
d3d      D         d3d_disp.cpp:1165 real_choose_bitmap_format        [   0.14795] Fake format
d3d      D         d3d_disp.cpp:1165 real_choose_bitmap_format        [   0.14797] Fake format
d3d      D         d3d_disp.cpp:1173 real_choose_bitmap_format        [   0.14798] Alpha doesn't match
d3d      D         d3d_disp.cpp:1180 real_choose_bitmap_format        [   0.14801] Adapter format is 23
d3d      D         d3d_disp.cpp:1183 real_choose_bitmap_format        [   0.14803] Found a format
d3d      I         d3d_disp.cpp:2289 _al_d3d_create_bitmap            [   0.14804] Chose bitmap format 9
dtor     D               dtor.c:184  _al_register_destructor          [   0.14858] added dtor for object 0266CF70, func 665E259F
d3d      D          d3d_bmp.cpp:455  _al_d3d_sync_bitmap              [   0.15730] _al_d3d_sync_bitmap (system) ref count == 1
d3d      D          d3d_bmp.cpp:460  _al_d3d_sync_bitmap              [   0.15740] _al_d3d_sync_bitmap (video) ref count == 1
d3d      D         d3d_disp.cpp:1165 real_choose_bitmap_format        [   0.16407] Fake format
d3d      D         d3d_disp.cpp:1165 real_choose_bitmap_format        [   0.16412] Fake format
d3d      D         d3d_disp.cpp:1165 real_choose_bitmap_format        [   0.16414] Fake format
d3d      D         d3d_disp.cpp:1165 real_choose_bitmap_format        [   0.16416] Fake format
d3d      D         d3d_disp.cpp:1165 real_choose_bitmap_format        [   0.16417] Fake format
d3d      D         d3d_disp.cpp:1165 real_choose_bitmap_format        [   0.16419] Fake format
d3d      D         d3d_disp.cpp:1165 real_choose_bitmap_format        [   0.16421] Fake format
d3d      D         d3d_disp.cpp:1165 real_choose_bitmap_format        [   0.16422] Fake format
d3d      D         d3d_disp.cpp:1165 real_choose_bitmap_format        [   0.16424] Fake format
d3d      D         d3d_disp.cpp:1173 real_choose_bitmap_format        [   0.16426] Alpha doesn't match
d3d      D         d3d_disp.cpp:1180 real_choose_bitmap_format        [   0.16427] Adapter format is 23
d3d      D         d3d_disp.cpp:1183 real_choose_bitmap_format        [   0.16429] Found a format
d3d      I         d3d_disp.cpp:2289 _al_d3d_create_bitmap            [   0.16431] Chose bitmap format 9
dtor     D               dtor.c:184  _al_register_destructor          [   0.16449] added dtor for object 0266D0E0, func 665E259F
d3d      D          d3d_bmp.cpp:455  _al_d3d_sync_bitmap              [   0.16599] _al_d3d_sync_bitmap (system) ref count == 1
d3d      D          d3d_bmp.cpp:460  _al_d3d_sync_bitmap              [   0.16604] _al_d3d_sync_bitmap (video) ref count == 1
d3d      D         d3d_disp.cpp:1165 real_choose_bitmap_format        [   0.16644] Fake format
d3d      D         d3d_disp.cpp:1165 real_choose_bitmap_format        [   0.16647] Fake format
d3d      D         d3d_disp.cpp:1165 real_choose_bitmap_format        [   0.16652] Fake format
d3d      D         d3d_disp.cpp:1165 real_choose_bitmap_format        [   0.16654] Fake format
d3d      D         d3d_disp.cpp:1165 real_choose_bitmap_format        [   0.16656] Fake format
d3d      D         d3d_disp.cpp:1165 real_choose_bitmap_format        [   0.16665] Fake format
d3d      D         d3d_disp.cpp:1165 real_choose_bitmap_format        [   0.16666] Fake format
d3d      D         d3d_disp.cpp:1165 real_choose_bitmap_format        [   0.16668] Fake format
d3d      D         d3d_disp.cpp:1165 real_choose_bitmap_format        [   0.16670] Fake format
d3d      D         d3d_disp.cpp:1173 real_choose_bitmap_format        [   0.16671] Alpha doesn't match
d3d      D         d3d_disp.cpp:1180 real_choose_bitmap_format        [   0.16674] Adapter format is 23
d3d      D         d3d_disp.cpp:1183 real_choose_bitmap_format        [   0.16676] Found a format
d3d      I         d3d_disp.cpp:2289 _al_d3d_create_bitmap            [   0.16677] Chose bitmap format 9
dtor     D               dtor.c:184  _al_register_destructor          [   0.16740] added dtor for object 0266DDC0, func 665E259F
d3d      D          d3d_bmp.cpp:455  _al_d3d_sync_bitmap              [   0.17234] _al_d3d_sync_bitmap (system) ref count == 1
d3d      D          d3d_bmp.cpp:460  _al_d3d_sync_bitmap              [   0.17239] _al_d3d_sync_bitmap (video) ref count == 1
d3d      D         d3d_disp.cpp:1165 real_choose_bitmap_format        [   0.17657] Fake format
d3d      D         d3d_disp.cpp:1165 real_choose_bitmap_format        [   0.17661] Fake format
d3d      D         d3d_disp.cpp:1165 real_choose_bitmap_format        [   0.17663] Fake format
d3d      D         d3d_disp.cpp:1165 real_choose_bitmap_format        [   0.17664] Fake format
d3d      D         d3d_disp.cpp:1165 real_choose_bitmap_format        [   0.17666] Fake format
d3d      D         d3d_disp.cpp:1165 real_choose_bitmap_format        [   0.17668] Fake format
d3d      D         d3d_disp.cpp:1165 real_choose_bitmap_format        [   0.17669] Fake format
d3d      D         d3d_disp.cpp:1165 real_choose_bitmap_format        [   0.17671] Fake format
d3d      D         d3d_disp.cpp:1165 real_choose_bitmap_format        [   0.17673] Fake format
d3d      D         d3d_disp.cpp:1173 real_choose_bitmap_format        [   0.17675] Alpha doesn't match
d3d      D         d3d_disp.cpp:1180 real_choose_bitmap_format        [   0.17676] Adapter format is 23
d3d      D         d3d_disp.cpp:1183 real_choose_bitmap_format        [   0.17678] Found a format
d3d      I         d3d_disp.cpp:2289 _al_d3d_create_bitmap            [   0.17680] Chose bitmap format 9
dtor     D               dtor.c:184  _al_register_destructor          [   0.17747] added dtor for object 026E8060, func 665E259F
d3d      D          d3d_bmp.cpp:455  _al_d3d_sync_bitmap              [   0.18270] _al_d3d_sync_bitmap (system) ref count == 1
d3d      D          d3d_bmp.cpp:460  _al_d3d_sync_bitmap              [   0.18277] _al_d3d_sync_bitmap (video) ref count == 1
d3d      D         d3d_disp.cpp:1165 real_choose_bitmap_format        [   0.18702] Fake format
d3d      D         d3d_disp.cpp:1165 real_choose_bitmap_format        [   0.18706] Fake format
d3d      D         d3d_disp.cpp:1165 real_choose_bitmap_format        [   0.18708] Fake format
d3d      D         d3d_disp.cpp:1165 real_choose_bitmap_format        [   0.18710] Fake format
d3d      D         d3d_disp.cpp:1165 real_choose_bitmap_format        [   0.18712] Fake format
d3d      D         d3d_disp.cpp:1165 real_choose_bitmap_format        [   0.18713] Fake format
d3d      D         d3d_disp.cpp:1165 real_choose_bitmap_format        [   0.18715] Fake format
d3d      D         d3d_disp.cpp:1165 real_choose_bitmap_format        [   0.18717] Fake format
d3d      D         d3d_disp.cpp:1165 real_choose_bitmap_format        [   0.18718] Fake format
d3d      D         d3d_disp.cpp:1173 real_choose_bitmap_format        [   0.18720] Alpha doesn't match
d3d      D         d3d_disp.cpp:1180 real_choose_bitmap_format        [   0.18722] Adapter format is 23
d3d      D         d3d_disp.cpp:1183 real_choose_bitmap_format        [   0.18724] Found a format
d3d      I         d3d_disp.cpp:2289 _al_d3d_create_bitmap            [   0.18725] Chose bitmap format 9
dtor     D               dtor.c:184  _al_register_destructor          [   0.18784] added dtor for object 026E8160, func 665E259F
d3d      D          d3d_bmp.cpp:455  _al_d3d_sync_bitmap              [   0.19292] _al_d3d_sync_bitmap (system) ref count == 1
d3d      D          d3d_bmp.cpp:460  _al_d3d_sync_bitmap              [   0.19299] _al_d3d_sync_bitmap (video) ref count == 1
d3d      D         d3d_disp.cpp:1165 real_choose_bitmap_format        [   0.19712] Fake format
d3d      D         d3d_disp.cpp:1165 real_choose_bitmap_format        [   0.19715] Fake format
d3d      D         d3d_disp.cpp:1165 real_choose_bitmap_format        [   0.19717] Fake format
d3d      D         d3d_disp.cpp:1165 real_choose_bitmap_format        [   0.19719] Fake format
d3d      D         d3d_disp.cpp:1165 real_choose_bitmap_format        [   0.19720] Fake format
d3d      D         d3d_disp.cpp:1165 real_choose_bitmap_format        [   0.19722] Fake format
d3d      D         d3d_disp.cpp:1165 real_choose_bitmap_format        [   0.19724] Fake format
d3d      D         d3d_disp.cpp:1165 real_choose_bitmap_format        [   0.19725] Fake format
d3d      D         d3d_disp.cpp:1165 real_choose_bitmap_format        [   0.19728] Fake format
d3d      D         d3d_disp.cpp:1173 real_choose_bitmap_format        [   0.19730] Alpha doesn't match
d3d      D         d3d_disp.cpp:1180 real_choose_bitmap_format        [   0.19732] Adapter format is 23
d3d      D         d3d_disp.cpp:1183 real_choose_bitmap_format        [   0.19734] Found a format
d3d      I         d3d_disp.cpp:2289 _al_d3d_create_bitmap            [   0.19736] Chose bitmap format 9
dtor     D               dtor.c:184  _al_register_destructor          [   0.19798] added dtor for object 026E8310, func 665E259F
d3d      D          d3d_bmp.cpp:455  _al_d3d_sync_bitmap              [   0.20285] _al_d3d_sync_bitmap (system) ref count == 1
d3d      D          d3d_bmp.cpp:460  _al_d3d_sync_bitmap              [   0.20292] _al_d3d_sync_bitmap (video) ref count == 1
d3d      D         d3d_disp.cpp:1165 real_choose_bitmap_format        [   0.20753] Fake format
d3d      D         d3d_disp.cpp:1165 real_choose_bitmap_format        [   0.20759] Fake format
d3d      D         d3d_disp.cpp:1165 real_choose_bitmap_format        [   0.20761] Fake format
d3d      D         d3d_disp.cpp:1165 real_choose_bitmap_format        [   0.20762] Fake format
d3d      D         d3d_disp.cpp:1165 real_choose_bitmap_format        [   0.20764] Fake format
d3d      D         d3d_disp.cpp:1165 real_choose_bitmap_format        [   0.20766] Fake format
d3d      D         d3d_disp.cpp:1165 real_choose_bitmap_format        [   0.20767] Fake format
d3d      D         d3d_disp.cpp:1165 real_choose_bitmap_format        [   0.20769] Fake format
d3d      D         d3d_disp.cpp:1165 real_choose_bitmap_format        [   0.20771] Fake format
d3d      D         d3d_disp.cpp:1173 real_choose_bitmap_format        [   0.20772] Alpha doesn't match
d3d      D         d3d_disp.cpp:1180 real_choose_bitmap_format        [   0.20774] Adapter format is 23
d3d      D         d3d_disp.cpp:1183 real_choose_bitmap_format        [   0.20776] Found a format
d3d      I         d3d_disp.cpp:2289 _al_d3d_create_bitmap            [   0.20778] Chose bitmap format 9
dtor     D               dtor.c:184  _al_register_destructor          [   0.20801] added dtor for object 026E8650, func 665E259F
d3d      D          d3d_bmp.cpp:455  _al_d3d_sync_bitmap              [   0.20924] _al_d3d_sync_bitmap (system) ref count == 1
d3d      D          d3d_bmp.cpp:460  _al_d3d_sync_bitmap              [   0.20931] _al_d3d_sync_bitmap (video) ref count == 1
d3d      D         d3d_disp.cpp:1165 real_choose_bitmap_format        [   0.20978] Fake format
d3d      D         d3d_disp.cpp:1165 real_choose_bitmap_format        [   0.20981] Fake format
d3d      D         d3d_disp.cpp:1165 real_choose_bitmap_format        [   0.20982] Fake format
d3d      D         d3d_disp.cpp:1165 real_choose_bitmap_format        [   0.20984] Fake format
d3d      D         d3d_disp.cpp:1165 real_choose_bitmap_format        [   0.20986] Fake format
d3d      D         d3d_disp.cpp:1165 real_choose_bitmap_format        [   0.20988] Fake format
d3d      D         d3d_disp.cpp:1165 real_choose_bitmap_format        [   0.20989] Fake format
d3d      D         d3d_disp.cpp:1165 real_choose_bitmap_format        [   0.20991] Fake format
d3d      D         d3d_disp.cpp:1165 real_choose_bitmap_format        [   0.20993] Fake format
d3d      D         d3d_disp.cpp:1173 real_choose_bitmap_format        [   0.20994] Alpha doesn't match
d3d      D         d3d_disp.cpp:1180 real_choose_bitmap_format        [   0.20996] Adapter format is 23
d3d      D         d3d_disp.cpp:1183 real_choose_bitmap_format        [   0.20998] Found a format
d3d      I         d3d_disp.cpp:2289 _al_d3d_create_bitmap            [   0.21000] Chose bitmap format 9
dtor     D               dtor.c:184  _al_register_destructor          [   0.21011] added dtor for object 026EC7F0, func 665E259F
d3d      D          d3d_bmp.cpp:455  _al_d3d_sync_bitmap              [   0.21068] _al_d3d_sync_bitmap (system) ref count == 1
d3d      D          d3d_bmp.cpp:460  _al_d3d_sync_bitmap              [   0.21073] _al_d3d_sync_bitmap (video) ref count == 1
d3d      D         d3d_disp.cpp:1165 real_choose_bitmap_format        [   0.21198] Fake format
d3d      D         d3d_disp.cpp:1165 real_choose_bitmap_format        [   0.21201] Fake format
d3d      D         d3d_disp.cpp:1165 real_choose_bitmap_format        [   0.21203] Fake format
d3d      D         d3d_disp.cpp:1165 real_choose_bitmap_format        [   0.21204] Fake format
d3d      D         d3d_disp.cpp:1165 real_choose_bitmap_format        [   0.21206] Fake format
d3d      D         d3d_disp.cpp:1165 real_choose_bitmap_format        [   0.21208] Fake format
d3d      D         d3d_disp.cpp:1165 real_choose_bitmap_format        [   0.21209] Fake format
d3d      D         d3d_disp.cpp:1165 real_choose_bitmap_format        [   0.21211] Fake format
d3d      D         d3d_disp.cpp:1165 real_choose_bitmap_format        [   0.21213] Fake format
d3d      D         d3d_disp.cpp:1173 real_choose_bitmap_format        [   0.21214] Alpha doesn't match
d3d      D         d3d_disp.cpp:1180 real_choose_bitmap_format        [   0.21216] Adapter format is 23
d3d      D         d3d_disp.cpp:1183 real_choose_bitmap_format        [   0.21218] Found a format
d3d      I         d3d_disp.cpp:2289 _al_d3d_create_bitmap            [   0.21220] Chose bitmap format 9
dtor     D               dtor.c:184  _al_register_destructor          [   0.21231] added dtor for object 026EDD50, func 665E259F
d3d      D          d3d_bmp.cpp:455  _al_d3d_sync_bitmap              [   0.21289] _al_d3d_sync_bitmap (system) ref count == 1
d3d      D          d3d_bmp.cpp:460  _al_d3d_sync_bitmap              [   0.21296] _al_d3d_sync_bitmap (video) ref count == 2
d3d      D          d3d_bmp.cpp:455  _al_d3d_sync_bitmap              [   0.21340] _al_d3d_sync_bitmap (system) ref count == 1
d3d      D          d3d_bmp.cpp:460  _al_d3d_sync_bitmap              [   0.21343] _al_d3d_sync_bitmap (video) ref count == 2
d3d      D         d3d_disp.cpp:1165 real_choose_bitmap_format        [   0.21366] Fake format
d3d      D         d3d_disp.cpp:1165 real_choose_bitmap_format        [   0.21369] Fake format
d3d      D         d3d_disp.cpp:1165 real_choose_bitmap_format        [   0.21372] Fake format
d3d      D         d3d_disp.cpp:1165 real_choose_bitmap_format        [   0.21375] Fake format
d3d      D         d3d_disp.cpp:1165 real_choose_bitmap_format        [   0.21377] Fake format
d3d      D         d3d_disp.cpp:1165 real_choose_bitmap_format        [   0.21378] Fake format
d3d      D         d3d_disp.cpp:1165 real_choose_bitmap_format        [   0.21380] Fake format
d3d      D         d3d_disp.cpp:1165 real_choose_bitmap_format        [   0.21382] Fake format
d3d      D         d3d_disp.cpp:1165 real_choose_bitmap_format        [   0.21383] Fake format
d3d      D         d3d_disp.cpp:1173 real_choose_bitmap_format        [   0.21385] Alpha doesn't match
d3d      D         d3d_disp.cpp:1180 real_choose_bitmap_format        [   0.21387] Adapter format is 23
d3d      D         d3d_disp.cpp:1183 real_choose_bitmap_format        [   0.21389] Found a format
d3d      I         d3d_disp.cpp:2289 _al_d3d_create_bitmap            [   0.21390] Chose bitmap format 9
dtor     D               dtor.c:184  _al_register_destructor          [   0.21401] added dtor for object 026F9D28, func 665E259F
d3d      D          d3d_bmp.cpp:455  _al_d3d_sync_bitmap              [   0.21454] _al_d3d_sync_bitmap (system) ref count == 1
d3d      D          d3d_bmp.cpp:460  _al_d3d_sync_bitmap              [   0.21459] _al_d3d_sync_bitmap (video) ref count == 2
d3d      D          d3d_bmp.cpp:455  _al_d3d_sync_bitmap              [   0.21490] _al_d3d_sync_bitmap (system) ref count == 1
d3d      D          d3d_bmp.cpp:460  _al_d3d_sync_bitmap              [   0.21494] _al_d3d_sync_bitmap (video) ref count == 2
d3d      D         d3d_disp.cpp:1165 real_choose_bitmap_format        [   0.21506] Fake format
d3d      D         d3d_disp.cpp:1165 real_choose_bitmap_format        [   0.21509] Fake format
d3d      D         d3d_disp.cpp:1165 real_choose_bitmap_format        [   0.21511] Fake format
d3d      D         d3d_disp.cpp:1165 real_choose_bitmap_format        [   0.21513] Fake format
d3d      D         d3d_disp.cpp:1165 real_choose_bitmap_format        [   0.21514] Fake format
d3d      D         d3d_disp.cpp:1165 real_choose_bitmap_format        [   0.21516] Fake format
d3d      D         d3d_disp.cpp:1165 real_choose_bitmap_format        [   0.21518] Fake format
d3d      D         d3d_disp.cpp:1165 real_choose_bitmap_format        [   0.21519] Fake format
d3d      D         d3d_disp.cpp:1165 real_choose_bitmap_format        [   0.21521] Fake format
d3d      D         d3d_disp.cpp:1173 real_choose_bitmap_format        [   0.21523] Alpha doesn't match
d3d      D         d3d_disp.cpp:1180 real_choose_bitmap_format        [   0.21525] Adapter format is 23
d3d      D         d3d_disp.cpp:1183 real_choose_bitmap_format        [   0.21526] Found a format
d3d      I         d3d_disp.cpp:2289 _al_d3d_create_bitmap            [   0.21528] Chose bitmap format 9
dtor     D               dtor.c:184  _al_register_destructor          [   0.21542] added dtor for object 026F9E28, func 665E259F
d3d      D          d3d_bmp.cpp:455  _al_d3d_sync_bitmap              [   0.21580] _al_d3d_sync_bitmap (system) ref count == 1
d3d      D          d3d_bmp.cpp:460  _al_d3d_sync_bitmap              [   0.21584] _al_d3d_sync_bitmap (video) ref count == 2
d3d      D          d3d_bmp.cpp:455  _al_d3d_sync_bitmap              [   0.21634] _al_d3d_sync_bitmap (system) ref count == 1
d3d      D          d3d_bmp.cpp:460  _al_d3d_sync_bitmap              [   0.21637] _al_d3d_sync_bitmap (video) ref count == 2
d3d      D         d3d_disp.cpp:1165 real_choose_bitmap_format        [   0.21698] Fake format
d3d      D         d3d_disp.cpp:1165 real_choose_bitmap_format        [   0.21701] Fake format
d3d      D         d3d_disp.cpp:1165 real_choose_bitmap_format        [   0.21703] Fake format
d3d      D         d3d_disp.cpp:1165 real_choose_bitmap_format        [   0.21705] Fake format
d3d      D         d3d_disp.cpp:1165 real_choose_bitmap_format        [   0.21706] Fake format
d3d      D         d3d_disp.cpp:1165 real_choose_bitmap_format        [   0.21708] Fake format
d3d      D         d3d_disp.cpp:1165 real_choose_bitmap_format        [   0.21710] Fake format
d3d      D         d3d_disp.cpp:1165 real_choose_bitmap_format        [   0.21711] Fake format
d3d      D         d3d_disp.cpp:1165 real_choose_bitmap_format        [   0.21713] Fake format
d3d      D         d3d_disp.cpp:1173 real_choose_bitmap_format        [   0.21715] Alpha doesn't match
d3d      D         d3d_disp.cpp:1180 real_choose_bitmap_format        [   0.21717] Adapter format is 23
d3d      D         d3d_disp.cpp:1183 real_choose_bitmap_format        [   0.21718] Found a format
d3d      I         d3d_disp.cpp:2289 _al_d3d_create_bitmap            [   0.21720] Chose bitmap format 9
dtor     D               dtor.c:184  _al_register_destructor          [   0.21732] added dtor for object 0266C150, func 665E259F
d3d      D          d3d_bmp.cpp:455  _al_d3d_sync_bitmap              [   0.21877] _al_d3d_sync_bitmap (system) ref count == 1
d3d      D          d3d_bmp.cpp:460  _al_d3d_sync_bitmap              [   0.21881] _al_d3d_sync_bitmap (video) ref count == 2
d3d      D          d3d_bmp.cpp:455  _al_d3d_sync_bitmap              [   0.21911] _al_d3d_sync_bitmap (system) ref count == 1
d3d      D          d3d_bmp.cpp:460  _al_d3d_sync_bitmap              [   0.21914] _al_d3d_sync_bitmap (video) ref count == 2
d3d      D         d3d_disp.cpp:1165 real_choose_bitmap_format        [   0.21928] Fake format
d3d      D         d3d_disp.cpp:1165 real_choose_bitmap_format        [   0.21930] Fake format
d3d      D         d3d_disp.cpp:1165 real_choose_bitmap_format        [   0.21932] Fake format
d3d      D         d3d_disp.cpp:1165 real_choose_bitmap_format        [   0.21933] Fake format
d3d      D         d3d_disp.cpp:1165 real_choose_bitmap_format        [   0.21935] Fake format
d3d      D         d3d_disp.cpp:1165 real_choose_bitmap_format        [   0.21937] Fake format
d3d      D         d3d_disp.cpp:1165 real_choose_bitmap_format        [   0.21939] Fake format
d3d      D         d3d_disp.cpp:1165 real_choose_bitmap_format        [   0.21941] Fake format
d3d      D         d3d_disp.cpp:1165 real_choose_bitmap_format        [   0.21942] Fake format
d3d      D         d3d_disp.cpp:1173 real_choose_bitmap_format        [   0.21944] Alpha doesn't match
d3d      D         d3d_disp.cpp:1180 real_choose_bitmap_format        [   0.21946] Adapter format is 23
d3d      D         d3d_disp.cpp:1183 real_choose_bitmap_format        [   0.21948] Found a format
d3d      I         d3d_disp.cpp:2289 _al_d3d_create_bitmap            [   0.21949] Chose bitmap format 9
dtor     D               dtor.c:184  _al_register_destructor          [   0.21962] added dtor for object 0266C250, func 665E259F
d3d      D          d3d_bmp.cpp:455  _al_d3d_sync_bitmap              [   0.22008] _al_d3d_sync_bitmap (system) ref count == 1
d3d      D          d3d_bmp.cpp:460  _al_d3d_sync_bitmap              [   0.22013] _al_d3d_sync_bitmap (video) ref count == 2
d3d      D          d3d_bmp.cpp:455  _al_d3d_sync_bitmap              [   0.22042] _al_d3d_sync_bitmap (system) ref count == 1
d3d      D          d3d_bmp.cpp:460  _al_d3d_sync_bitmap              [   0.22046] _al_d3d_sync_bitmap (video) ref count == 2
d3d      D         d3d_disp.cpp:1165 real_choose_bitmap_format        [   0.22059] Fake format
d3d      D         d3d_disp.cpp:1165 real_choose_bitmap_format        [   0.22061] Fake format
d3d      D         d3d_disp.cpp:1165 real_choose_bitmap_format        [   0.22063] Fake format
d3d      D         d3d_disp.cpp:1165 real_choose_bitmap_format        [   0.22065] Fake format
d3d      D         d3d_disp.cpp:1165 real_choose_bitmap_format        [   0.22066] Fake format
d3d      D         d3d_disp.cpp:1165 real_choose_bitmap_format        [   0.22068] Fake format
d3d      D         d3d_disp.cpp:1165 real_choose_bitmap_format        [   0.22069] Fake format
d3d      D         d3d_disp.cpp:1165 real_choose_bitmap_format        [   0.22071] Fake format
d3d      D         d3d_disp.cpp:1165 real_choose_bitmap_format        [   0.22073] Fake format
d3d      D         d3d_disp.cpp:1173 real_choose_bitmap_format        [   0.22075] Alpha doesn't match
d3d      D         d3d_disp.cpp:1180 real_choose_bitmap_format        [   0.22076] Adapter format is 23
d3d      D         d3d_disp.cpp:1183 real_choose_bitmap_format        [   0.22078] Found a format
d3d      I         d3d_disp.cpp:2289 _al_d3d_create_bitmap            [   0.22080] Chose bitmap format 9
dtor     D               dtor.c:184  _al_register_destructor          [   0.22092] added dtor for object 0266C7B8, func 665E259F
d3d      D          d3d_bmp.cpp:455  _al_d3d_sync_bitmap              [   0.22136] _al_d3d_sync_bitmap (system) ref count == 1
d3d      D          d3d_bmp.cpp:460  _al_d3d_sync_bitmap              [   0.22141] _al_d3d_sync_bitmap (video) ref count == 2
d3d      D          d3d_bmp.cpp:455  _al_d3d_sync_bitmap              [   0.22171] _al_d3d_sync_bitmap (system) ref count == 1
d3d      D          d3d_bmp.cpp:460  _al_d3d_sync_bitmap              [   0.22174] _al_d3d_sync_bitmap (video) ref count == 2
d3d      D         d3d_disp.cpp:1165 real_choose_bitmap_format        [   0.22188] Fake format
d3d      D         d3d_disp.cpp:1165 real_choose_bitmap_format        [   0.22190] Fake format
d3d      D         d3d_disp.cpp:1165 real_choose_bitmap_format        [   0.22192] Fake format
d3d      D         d3d_disp.cpp:1165 real_choose_bitmap_format        [   0.22193] Fake format
d3d      D         d3d_disp.cpp:1165 real_choose_bitmap_format        [   0.22195] Fake format
d3d      D         d3d_disp.cpp:1165 real_choose_bitmap_format        [   0.22197] Fake format
d3d      D         d3d_disp.cpp:1165 real_choose_bitmap_format        [   0.22198] Fake format
d3d      D         d3d_disp.cpp:1165 real_choose_bitmap_format        [   0.22207] Fake format
d3d      D         d3d_disp.cpp:1165 real_choose_bitmap_format        [   0.22209] Fake format
d3d      D         d3d_disp.cpp:1173 real_choose_bitmap_format        [   0.22211] Alpha doesn't match
d3d      D         d3d_disp.cpp:1180 real_choose_bitmap_format        [   0.22212] Adapter format is 23
d3d      D         d3d_disp.cpp:1183 real_choose_bitmap_format        [   0.22214] Found a format
d3d      I         d3d_disp.cpp:2289 _al_d3d_create_bitmap            [   0.22216] Chose bitmap format 9
dtor     D               dtor.c:184  _al_register_destructor          [   0.22227] added dtor for object 0266C8B8, func 665E259F
d3d      D          d3d_bmp.cpp:455  _al_d3d_sync_bitmap              [   0.22271] _al_d3d_sync_bitmap (system) ref count == 1
d3d      D          d3d_bmp.cpp:460  _al_d3d_sync_bitmap              [   0.22274] _al_d3d_sync_bitmap (video) ref count == 2
d3d      D          d3d_bmp.cpp:455  _al_d3d_sync_bitmap              [   0.22303] _al_d3d_sync_bitmap (system) ref count == 1
d3d      D          d3d_bmp.cpp:460  _al_d3d_sync_bitmap              [   0.22306] _al_d3d_sync_bitmap (video) ref count == 2
dtor     D               dtor.c:184  _al_register_destructor          [   0.22329] added dtor for object 0266C9B8, func 665E27AC
dtor     D               dtor.c:184  _al_register_destructor          [   0.22333] added dtor for object 0266CAC0, func 665E24DC
d3d      D          d3d_bmp.cpp:455  _al_d3d_sync_bitmap              [   0.26790] _al_d3d_sync_bitmap (system) ref count == 1
d3d      D          d3d_bmp.cpp:460  _al_d3d_sync_bitmap              [   0.26803] _al_d3d_sync_bitmap (video) ref count == 1
d3d      D          d3d_bmp.cpp:455  _al_d3d_sync_bitmap              [   0.26943] _al_d3d_sync_bitmap (system) ref count == 1
d3d      D          d3d_bmp.cpp:460  _al_d3d_sync_bitmap              [   0.26953] _al_d3d_sync_bitmap (video) ref count == 1
d3d      D          d3d_bmp.cpp:455  _al_d3d_sync_bitmap              [   0.27058] _al_d3d_sync_bitmap (system) ref count == 1
d3d      D          d3d_bmp.cpp:460  _al_d3d_sync_bitmap              [   0.27065] _al_d3d_sync_bitmap (video) ref count == 1
d3d      D          d3d_bmp.cpp:455  _al_d3d_sync_bitmap              [   0.27154] _al_d3d_sync_bitmap (system) ref count == 1
d3d      D          d3d_bmp.cpp:460  _al_d3d_sync_bitmap              [   0.27163] _al_d3d_sync_bitmap (video) ref count == 1
d3d      D          d3d_bmp.cpp:455  _al_d3d_sync_bitmap              [   0.27243] _al_d3d_sync_bitmap (system) ref count == 1
d3d      D          d3d_bmp.cpp:460  _al_d3d_sync_bitmap              [   0.27250] _al_d3d_sync_bitmap (video) ref count == 1
d3d      D          d3d_bmp.cpp:455  _al_d3d_sync_bitmap              [   0.27354] _al_d3d_sync_bitmap (system) ref count == 1
d3d      D          d3d_bmp.cpp:460  _al_d3d_sync_bitmap              [   0.27368] _al_d3d_sync_bitmap (video) ref count == 1
d3d      D          d3d_bmp.cpp:455  _al_d3d_sync_bitmap              [   0.27472] _al_d3d_sync_bitmap (system) ref count == 1
d3d      D          d3d_bmp.cpp:460  _al_d3d_sync_bitmap              [   0.27479] _al_d3d_sync_bitmap (video) ref count == 1
d3d      D          d3d_bmp.cpp:455  _al_d3d_sync_bitmap              [   0.27579] _al_d3d_sync_bitmap (system) ref count == 1
d3d      D          d3d_bmp.cpp:460  _al_d3d_sync_bitmap              [   0.27587] _al_d3d_sync_bitmap (video) ref count == 1
d3d      D          d3d_bmp.cpp:455  _al_d3d_sync_bitmap              [   0.27622] _al_d3d_sync_bitmap (system) ref count == 1
d3d      D          d3d_bmp.cpp:460  _al_d3d_sync_bitmap              [   0.27628] _al_d3d_sync_bitmap (video) ref count == 1
d3d      D          d3d_bmp.cpp:455  _al_d3d_sync_bitmap              [   0.27647] _al_d3d_sync_bitmap (system) ref count == 1
d3d      D          d3d_bmp.cpp:460  _al_d3d_sync_bitmap              [   0.27654] _al_d3d_sync_bitmap (video) ref count == 1
d3d      D          d3d_bmp.cpp:455  _al_d3d_sync_bitmap              [   0.27675] _al_d3d_sync_bitmap (system) ref count == 1
d3d      D          d3d_bmp.cpp:460  _al_d3d_sync_bitmap              [   0.27682] _al_d3d_sync_bitmap (video) ref count == 2
d3d      D          d3d_bmp.cpp:455  _al_d3d_sync_bitmap              [   0.27700] _al_d3d_sync_bitmap (system) ref count == 1
d3d      D          d3d_bmp.cpp:460  _al_d3d_sync_bitmap              [   0.27709] _al_d3d_sync_bitmap (video) ref count == 2
d3d      D          d3d_bmp.cpp:455  _al_d3d_sync_bitmap              [   0.27729] _al_d3d_sync_bitmap (system) ref count == 1
d3d      D          d3d_bmp.cpp:460  _al_d3d_sync_bitmap              [   0.27735] _al_d3d_sync_bitmap (video) ref count == 2
d3d      D          d3d_bmp.cpp:455  _al_d3d_sync_bitmap              [   0.27753] _al_d3d_sync_bitmap (system) ref count == 1
d3d      D          d3d_bmp.cpp:460  _al_d3d_sync_bitmap              [   0.27762] _al_d3d_sync_bitmap (video) ref count == 2
d3d      D          d3d_bmp.cpp:455  _al_d3d_sync_bitmap              [   0.27783] _al_d3d_sync_bitmap (system) ref count == 1
d3d      D          d3d_bmp.cpp:460  _al_d3d_sync_bitmap              [   0.27788] _al_d3d_sync_bitmap (video) ref count == 2
d3d      D          d3d_bmp.cpp:455  _al_d3d_sync_bitmap              [   0.27806] _al_d3d_sync_bitmap (system) ref count == 1
d3d      D          d3d_bmp.cpp:460  _al_d3d_sync_bitmap              [   0.27813] _al_d3d_sync_bitmap (video) ref count == 2
d3d      D          d3d_bmp.cpp:455  _al_d3d_sync_bitmap              [   0.27835] _al_d3d_sync_bitmap (system) ref count == 1
d3d      D          d3d_bmp.cpp:460  _al_d3d_sync_bitmap              [   0.27841] _al_d3d_sync_bitmap (video) ref count == 2
d3d      D         d3d_disp.cpp:1165 real_choose_bitmap_format        [   1.04119] Fake format
d3d      D         d3d_disp.cpp:1165 real_choose_bitmap_format        [   1.04124] Fake format
d3d      D         d3d_disp.cpp:1165 real_choose_bitmap_format        [   1.04126] Fake format
d3d      D         d3d_disp.cpp:1165 real_choose_bitmap_format        [   1.04128] Fake format
d3d      D         d3d_disp.cpp:1165 real_choose_bitmap_format        [   1.04129] Fake format
d3d      D         d3d_disp.cpp:1165 real_choose_bitmap_format        [   1.04131] Fake format
d3d      D         d3d_disp.cpp:1165 real_choose_bitmap_format        [   1.04133] Fake format
d3d      D         d3d_disp.cpp:1165 real_choose_bitmap_format        [   1.04135] Fake format
d3d      D         d3d_disp.cpp:1165 real_choose_bitmap_format        [   1.04136] Fake format
d3d      D         d3d_disp.cpp:1173 real_choose_bitmap_format        [   1.04138] Alpha doesn't match
d3d      D         d3d_disp.cpp:1180 real_choose_bitmap_format        [   1.04140] Adapter format is 23
d3d      D         d3d_disp.cpp:1183 real_choose_bitmap_format        [   1.04142] Found a format
d3d      I         d3d_disp.cpp:2289 _al_d3d_create_bitmap            [   1.04144] Chose bitmap format 9
font     D                ttf.c:216  alloc_glyph_region               [   1.04216] glyph 16x19 (16x20)
d3d      D          d3d_bmp.cpp:455  _al_d3d_sync_bitmap              [   1.04357] _al_d3d_sync_bitmap (system) ref count == 1
d3d      D          d3d_bmp.cpp:460  _al_d3d_sync_bitmap              [   1.04362] _al_d3d_sync_bitmap (video) ref count == 2
d3d      D          d3d_bmp.cpp:455  _al_d3d_sync_bitmap              [   1.04466] _al_d3d_sync_bitmap (system) ref count == 1
d3d      D          d3d_bmp.cpp:460  _al_d3d_sync_bitmap              [   1.04471] _al_d3d_sync_bitmap (video) ref count == 2
font     D                ttf.c:216  alloc_glyph_region               [   1.24073] glyph 13x15 (16x16)
d3d      D          d3d_bmp.cpp:455  _al_d3d_sync_bitmap              [   1.24161] _al_d3d_sync_bitmap (system) ref count == 1
d3d      D          d3d_bmp.cpp:460  _al_d3d_sync_bitmap              [   1.24170] _al_d3d_sync_bitmap (video) ref count == 2
d3d      D          d3d_bmp.cpp:455  _al_d3d_sync_bitmap              [   1.24303] _al_d3d_sync_bitmap (system) ref count == 1
d3d      D          d3d_bmp.cpp:460  _al_d3d_sync_bitmap              [   1.24310] _al_d3d_sync_bitmap (video) ref count == 2
font     D                ttf.c:216  alloc_glyph_region               [   1.44071] glyph 13x19 (16x20)
d3d      D          d3d_bmp.cpp:455  _al_d3d_sync_bitmap              [   1.44173] _al_d3d_sync_bitmap (system) ref count == 1
d3d      D          d3d_bmp.cpp:460  _al_d3d_sync_bitmap              [   1.44182] _al_d3d_sync_bitmap (video) ref count == 2
d3d      D          d3d_bmp.cpp:455  _al_d3d_sync_bitmap              [   1.44329] _al_d3d_sync_bitmap (system) ref count == 1
d3d      D          d3d_bmp.cpp:460  _al_d3d_sync_bitmap              [   1.44338] _al_d3d_sync_bitmap (video) ref count == 2
d3d      D         d3d_disp.cpp:1165 real_choose_bitmap_format        [   1.60880] Fake format
d3d      D         d3d_disp.cpp:1165 real_choose_bitmap_format        [   1.60888] Fake format
d3d      D         d3d_disp.cpp:1165 real_choose_bitmap_format        [   1.60892] Fake format
d3d      D         d3d_disp.cpp:1165 real_choose_bitmap_format        [   1.60895] Fake format
d3d      D         d3d_disp.cpp:1165 real_choose_bitmap_format        [   1.60899] Fake format
d3d      D         d3d_disp.cpp:1165 real_choose_bitmap_format        [   1.60902] Fake format
d3d      D         d3d_disp.cpp:1165 real_choose_bitmap_format        [   1.60906] Fake format
d3d      D         d3d_disp.cpp:1165 real_choose_bitmap_format        [   1.60910] Fake format
d3d      D         d3d_disp.cpp:1165 real_choose_bitmap_format        [   1.60913] Fake format
d3d      D         d3d_disp.cpp:1173 real_choose_bitmap_format        [   1.60917] Alpha doesn't match
d3d      D         d3d_disp.cpp:1180 real_choose_bitmap_format        [   1.60921] Adapter format is 23
d3d      D         d3d_disp.cpp:1183 real_choose_bitmap_format        [   1.60925] Found a format
d3d      I         d3d_disp.cpp:2289 _al_d3d_create_bitmap            [   1.60929] Chose bitmap format 9
font     D                ttf.c:216  alloc_glyph_region               [   1.61032] glyph 12x15 (12x16)
d3d      D          d3d_bmp.cpp:455  _al_d3d_sync_bitmap              [   1.61266] _al_d3d_sync_bitmap (system) ref count == 1
d3d      D          d3d_bmp.cpp:460  _al_d3d_sync_bitmap              [   1.61273] _al_d3d_sync_bitmap (video) ref count == 2
font     D                ttf.c:216  alloc_glyph_region               [   1.61308] glyph 4x15 (4x16)
d3d      D          d3d_bmp.cpp:455  _al_d3d_sync_bitmap              [   1.61405] _al_d3d_sync_bitmap (system) ref count == 1
d3d      D          d3d_bmp.cpp:460  _al_d3d_sync_bitmap              [   1.61411] _al_d3d_sync_bitmap (video) ref count == 2
font     D                ttf.c:216  alloc_glyph_region               [   1.61464] glyph 10x12 (12x12)
d3d      D          d3d_bmp.cpp:455  _al_d3d_sync_bitmap              [   1.61561] _al_d3d_sync_bitmap (system) ref count == 1
d3d      D          d3d_bmp.cpp:460  _al_d3d_sync_bitmap              [   1.61568] _al_d3d_sync_bitmap (video) ref count == 2
font     D                ttf.c:216  alloc_glyph_region               [   1.61616] glyph 13x16 (16x16)
d3d      D          d3d_bmp.cpp:455  _al_d3d_sync_bitmap              [   1.61699] _al_d3d_sync_bitmap (system) ref count == 1
d3d      D          d3d_bmp.cpp:460  _al_d3d_sync_bitmap              [   1.61705] _al_d3d_sync_bitmap (video) ref count == 2
font     D                ttf.c:216  alloc_glyph_region               [   1.61750] glyph 10x12 (12x12)
d3d      D          d3d_bmp.cpp:455  _al_d3d_sync_bitmap              [   1.61830] _al_d3d_sync_bitmap (system) ref count == 1
d3d      D          d3d_bmp.cpp:460  _al_d3d_sync_bitmap              [   1.61838] _al_d3d_sync_bitmap (video) ref count == 2
font     D                ttf.c:216  alloc_glyph_region               [   1.61877] glyph 7x12 (8x12)
d3d      D          d3d_bmp.cpp:455  _al_d3d_sync_bitmap              [   1.61953] _al_d3d_sync_bitmap (system) ref count == 1
d3d      D          d3d_bmp.cpp:460  _al_d3d_sync_bitmap              [   1.61964] _al_d3d_sync_bitmap (video) ref count == 2
font     D                ttf.c:216  alloc_glyph_region               [   1.62012] glyph 10x15 (12x16)
d3d      D          d3d_bmp.cpp:455  _al_d3d_sync_bitmap              [   1.62085] _al_d3d_sync_bitmap (system) ref count == 1
d3d      D          d3d_bmp.cpp:460  _al_d3d_sync_bitmap              [   1.62093] _al_d3d_sync_bitmap (video) ref count == 2
font     D                ttf.c:216  alloc_glyph_region               [   1.62148] glyph 9x12 (12x12)
d3d      D          d3d_bmp.cpp:455  _al_d3d_sync_bitmap              [   1.62223] _al_d3d_sync_bitmap (system) ref count == 1
d3d      D          d3d_bmp.cpp:460  _al_d3d_sync_bitmap              [   1.62230] _al_d3d_sync_bitmap (video) ref count == 2
font     D                ttf.c:216  alloc_glyph_region               [   1.62277] glyph 10x12 (12x12)
d3d      D          d3d_bmp.cpp:455  _al_d3d_sync_bitmap              [   1.62369] _al_d3d_sync_bitmap (system) ref count == 1
d3d      D          d3d_bmp.cpp:460  _al_d3d_sync_bitmap              [   1.62375] _al_d3d_sync_bitmap (video) ref count == 2
font     D                ttf.c:216  alloc_glyph_region               [   1.62421] glyph 10x15 (12x16)
d3d      D          d3d_bmp.cpp:455  _al_d3d_sync_bitmap              [   1.62516] _al_d3d_sync_bitmap (system) ref count == 1
d3d      D          d3d_bmp.cpp:460  _al_d3d_sync_bitmap              [   1.62525] _al_d3d_sync_bitmap (video) ref count == 2
font     D                ttf.c:216  alloc_glyph_region               [   1.62571] glyph 11x18 (12x20)
d3d      D          d3d_bmp.cpp:455  _al_d3d_sync_bitmap              [   1.62663] _al_d3d_sync_bitmap (system) ref count == 1
d3d      D          d3d_bmp.cpp:460  _al_d3d_sync_bitmap              [   1.62670] _al_d3d_sync_bitmap (video) ref count == 2
font     D                ttf.c:216  alloc_glyph_region               [   1.62717] glyph 11x15 (12x16)
d3d      D          d3d_bmp.cpp:455  _al_d3d_sync_bitmap              [   1.62820] _al_d3d_sync_bitmap (system) ref count == 1
d3d      D          d3d_bmp.cpp:460  _al_d3d_sync_bitmap              [   1.62834] _al_d3d_sync_bitmap (video) ref count == 2
d3d      D          d3d_bmp.cpp:455  _al_d3d_sync_bitmap              [   1.62959] _al_d3d_sync_bitmap (system) ref count == 1
d3d      D          d3d_bmp.cpp:460  _al_d3d_sync_bitmap              [   1.62967] _al_d3d_sync_bitmap (video) ref count == 2
font     D                ttf.c:216  alloc_glyph_region               [   5.20804] glyph 7x15 (8x16)
d3d      D          d3d_bmp.cpp:455  _al_d3d_sync_bitmap              [   5.20952] _al_d3d_sync_bitmap (system) ref count == 1
d3d      D          d3d_bmp.cpp:460  _al_d3d_sync_bitmap              [   5.20958] _al_d3d_sync_bitmap (video) ref count == 2
d3d      D          d3d_bmp.cpp:455  _al_d3d_sync_bitmap              [   5.21120] _al_d3d_sync_bitmap (system) ref count == 1
d3d      D          d3d_bmp.cpp:460  _al_d3d_sync_bitmap              [   5.21126] _al_d3d_sync_bitmap (video) ref count == 2
font     D                ttf.c:216  alloc_glyph_region               [   5.75813] glyph 10x15 (12x16)
d3d      D          d3d_bmp.cpp:455  _al_d3d_sync_bitmap              [   5.75954] _al_d3d_sync_bitmap (system) ref count == 1
d3d      D          d3d_bmp.cpp:460  _al_d3d_sync_bitmap              [   5.75961] _al_d3d_sync_bitmap (video) ref count == 2
d3d      D          d3d_bmp.cpp:455  _al_d3d_sync_bitmap              [   5.76128] _al_d3d_sync_bitmap (system) ref count == 1
d3d      D          d3d_bmp.cpp:460  _al_d3d_sync_bitmap              [   5.76136] _al_d3d_sync_bitmap (video) ref count == 2
font     D                ttf.c:216  alloc_glyph_region               [   8.62517] glyph 10x15 (12x16)
d3d      D          d3d_bmp.cpp:455  _al_d3d_sync_bitmap              [   8.62697] _al_d3d_sync_bitmap (system) ref count == 1
d3d      D          d3d_bmp.cpp:460  _al_d3d_sync_bitmap              [   8.62706] _al_d3d_sync_bitmap (video) ref count == 2
d3d      D          d3d_bmp.cpp:455  _al_d3d_sync_bitmap              [   8.62866] _al_d3d_sync_bitmap (system) ref count == 1
d3d      D          d3d_bmp.cpp:460  _al_d3d_sync_bitmap              [   8.62873] _al_d3d_sync_bitmap (video) ref count == 2
font     D                ttf.c:216  alloc_glyph_region               [   8.75815] glyph 10x15 (12x16)
d3d      D          d3d_bmp.cpp:455  _al_d3d_sync_bitmap              [   8.75975] _al_d3d_sync_bitmap (system) ref count == 1
d3d      D          d3d_bmp.cpp:460  _al_d3d_sync_bitmap              [   8.75985] _al_d3d_sync_bitmap (video) ref count == 2
d3d      D          d3d_bmp.cpp:455  _al_d3d_sync_bitmap              [   8.76145] _al_d3d_sync_bitmap (system) ref count == 1
d3d      D          d3d_bmp.cpp:460  _al_d3d_sync_bitmap              [   8.76154] _al_d3d_sync_bitmap (video) ref count == 2
font     D                ttf.c:216  alloc_glyph_region               [   9.45832] glyph 10x15 (12x16)
d3d      D          d3d_bmp.cpp:455  _al_d3d_sync_bitmap              [   9.45993] _al_d3d_sync_bitmap (system) ref count == 1
d3d      D          d3d_bmp.cpp:460  _al_d3d_sync_bitmap              [   9.45999] _al_d3d_sync_bitmap (video) ref count == 2
d3d      D          d3d_bmp.cpp:455  _al_d3d_sync_bitmap              [   9.46164] _al_d3d_sync_bitmap (system) ref count == 1
d3d      D          d3d_bmp.cpp:460  _al_d3d_sync_bitmap              [   9.46175] _al_d3d_sync_bitmap (video) ref count == 2
font     D                ttf.c:216  alloc_glyph_region               [  12.49147] glyph 11x15 (12x16)
d3d      D          d3d_bmp.cpp:455  _al_d3d_sync_bitmap              [  12.49313] _al_d3d_sync_bitmap (system) ref count == 1
d3d      D          d3d_bmp.cpp:460  _al_d3d_sync_bitmap              [  12.49319] _al_d3d_sync_bitmap (video) ref count == 2
d3d      D          d3d_bmp.cpp:455  _al_d3d_sync_bitmap              [  12.49486] _al_d3d_sync_bitmap (system) ref count == 1
d3d      D          d3d_bmp.cpp:460  _al_d3d_sync_bitmap              [  12.49492] _al_d3d_sync_bitmap (video) ref count == 2
font     D                ttf.c:216  alloc_glyph_region               [  14.69148] glyph 11x15 (12x16)
d3d      D          d3d_bmp.cpp:455  _al_d3d_sync_bitmap              [  14.69309] _al_d3d_sync_bitmap (system) ref count == 1
d3d      D          d3d_bmp.cpp:460  _al_d3d_sync_bitmap              [  14.69320] _al_d3d_sync_bitmap (video) ref count == 2
d3d      D          d3d_bmp.cpp:455  _al_d3d_sync_bitmap              [  14.69481] _al_d3d_sync_bitmap (system) ref count == 1
d3d      D          d3d_bmp.cpp:460  _al_d3d_sync_bitmap              [  14.69491] _al_d3d_sync_bitmap (video) ref count == 2
font     D                ttf.c:216  alloc_glyph_region               [  15.15819] glyph 10x15 (12x16)
d3d      D          d3d_bmp.cpp:455  _al_d3d_sync_bitmap              [  15.15987] _al_d3d_sync_bitmap (system) ref count == 1
d3d      D          d3d_bmp.cpp:460  _al_d3d_sync_bitmap              [  15.15993] _al_d3d_sync_bitmap (video) ref count == 2
d3d      D          d3d_bmp.cpp:455  _al_d3d_sync_bitmap              [  15.16137] _al_d3d_sync_bitmap (system) ref count == 1
d3d      D          d3d_bmp.cpp:460  _al_d3d_sync_bitmap              [  15.16143] _al_d3d_sync_bitmap (video) ref count == 2
font     D                ttf.c:216  alloc_glyph_region               [  15.29152] glyph 10x15 (12x16)
d3d      D          d3d_bmp.cpp:455  _al_d3d_sync_bitmap              [  15.29312] _al_d3d_sync_bitmap (system) ref count == 1
d3d      D          d3d_bmp.cpp:460  _al_d3d_sync_bitmap              [  15.29324] _al_d3d_sync_bitmap (video) ref count == 2
d3d      D          d3d_bmp.cpp:455  _al_d3d_sync_bitmap              [  15.29486] _al_d3d_sync_bitmap (system) ref count == 1
d3d      D          d3d_bmp.cpp:460  _al_d3d_sync_bitmap              [  15.29495] _al_d3d_sync_bitmap (video) ref count == 2
dtor     D               dtor.c:214  _al_unregister_destructor        [  27.02654] removed dtor for object 026EDD50
d3d      W          d3d_bmp.cpp:725  d3d_destroy_bitmap               [  27.02664] d3d_destroy_bitmap: Release video texture failed.
dtor     D               dtor.c:214  _al_unregister_destructor        [  27.02687] removed dtor for object 026F9D28
d3d      W          d3d_bmp.cpp:725  d3d_destroy_bitmap               [  27.02694] d3d_destroy_bitmap: Release video texture failed.
dtor     D               dtor.c:214  _al_unregister_destructor        [  27.02713] removed dtor for object 026F9E28
d3d      W          d3d_bmp.cpp:725  d3d_destroy_bitmap               [  27.02718] d3d_destroy_bitmap: Release video texture failed.
dtor     D               dtor.c:214  _al_unregister_destructor        [  27.02749] removed dtor for object 0266C150
d3d      W          d3d_bmp.cpp:725  d3d_destroy_bitmap               [  27.02756] d3d_destroy_bitmap: Release video texture failed.
dtor     D               dtor.c:214  _al_unregister_destructor        [  27.02792] removed dtor for object 0266C250
d3d      W          d3d_bmp.cpp:725  d3d_destroy_bitmap               [  27.02799] d3d_destroy_bitmap: Release video texture failed.
dtor     D               dtor.c:214  _al_unregister_destructor        [  27.02818] removed dtor for object 0266C7B8
d3d      W          d3d_bmp.cpp:725  d3d_destroy_bitmap               [  27.02825] d3d_destroy_bitmap: Release video texture failed.
dtor     D               dtor.c:214  _al_unregister_destructor        [  27.02857] removed dtor for object 0266C8B8
d3d      W          d3d_bmp.cpp:725  d3d_destroy_bitmap               [  27.02864] d3d_destroy_bitmap: Release video texture failed.
dtor     D               dtor.c:214  _al_unregister_destructor        [  27.02888] removed dtor for object 0266C9B8
d3d      I         d3d_disp.cpp:920  d3d_destroy_display              [  27.02897] destroying display 0279A238 (current 00000000)
bitmap   D             bitmap.c:874  _al_convert_to_memory_bitmap     [  27.02904] converting display bitmap 026F46F8 to memory bitmap
d3d      D          d3d_bmp.cpp:455  _al_d3d_sync_bitmap              [  27.02983] _al_d3d_sync_bitmap (system) ref count == 1
d3d      D          d3d_bmp.cpp:460  _al_d3d_sync_bitmap              [  27.02991] _al_d3d_sync_bitmap (video) ref count == 2
d3d      W          d3d_bmp.cpp:725  d3d_destroy_bitmap               [  27.03020] d3d_destroy_bitmap: Release video texture failed.
bitmap   D             bitmap.c:874  _al_convert_to_memory_bitmap     [  27.03035] converting display bitmap 026F45F8 to memory bitmap
d3d      D          d3d_bmp.cpp:455  _al_d3d_sync_bitmap              [  27.03097] _al_d3d_sync_bitmap (system) ref count == 1
d3d      D          d3d_bmp.cpp:460  _al_d3d_sync_bitmap              [  27.03104] _al_d3d_sync_bitmap (video) ref count == 2
d3d      W          d3d_bmp.cpp:725  d3d_destroy_bitmap               [  27.03128] d3d_destroy_bitmap: Release video texture failed.
bitmap   D             bitmap.c:874  _al_convert_to_memory_bitmap     [  27.03157] converting display bitmap 026EC7F0 to memory bitmap
d3d      D          d3d_bmp.cpp:455  _al_d3d_sync_bitmap              [  27.03195] _al_d3d_sync_bitmap (system) ref count == 1
d3d      D          d3d_bmp.cpp:460  _al_d3d_sync_bitmap              [  27.03202] _al_d3d_sync_bitmap (video) ref count == 1
bitmap   D             bitmap.c:874  _al_convert_to_memory_bitmap     [  27.03225] converting display bitmap 026E8650 to memory bitmap
d3d      D          d3d_bmp.cpp:455  _al_d3d_sync_bitmap              [  27.03252] _al_d3d_sync_bitmap (system) ref count == 1
d3d      D          d3d_bmp.cpp:460  _al_d3d_sync_bitmap              [  27.03258] _al_d3d_sync_bitmap (video) ref count == 1
bitmap   D             bitmap.c:874  _al_convert_to_memory_bitmap     [  27.03282] converting display bitmap 026E8310 to memory bitmap
d3d      D          d3d_bmp.cpp:455  _al_d3d_sync_bitmap              [  27.03395] _al_d3d_sync_bitmap (system) ref count == 1
d3d      D          d3d_bmp.cpp:460  _al_d3d_sync_bitmap              [  27.03403] _al_d3d_sync_bitmap (video) ref count == 1
bitmap   D             bitmap.c:874  _al_convert_to_memory_bitmap     [  27.03458] converting display bitmap 026E8160 to memory bitmap
d3d      D          d3d_bmp.cpp:455  _al_d3d_sync_bitmap              [  27.03576] _al_d3d_sync_bitmap (system) ref count == 1
d3d      D          d3d_bmp.cpp:460  _al_d3d_sync_bitmap              [  27.03583] _al_d3d_sync_bitmap (video) ref count == 1
bitmap   D             bitmap.c:874  _al_convert_to_memory_bitmap     [  27.03629] converting display bitmap 026E8060 to memory bitmap
d3d      D          d3d_bmp.cpp:455  _al_d3d_sync_bitmap              [  27.03749] _al_d3d_sync_bitmap (system) ref count == 1
d3d      D          d3d_bmp.cpp:460  _al_d3d_sync_bitmap              [  27.03756] _al_d3d_sync_bitmap (video) ref count == 1
bitmap   D             bitmap.c:874  _al_convert_to_memory_bitmap     [  27.03801] converting display bitmap 0266DDC0 to memory bitmap
d3d      D          d3d_bmp.cpp:455  _al_d3d_sync_bitmap              [  27.03931] _al_d3d_sync_bitmap (system) ref count == 1
d3d      D          d3d_bmp.cpp:460  _al_d3d_sync_bitmap              [  27.03938] _al_d3d_sync_bitmap (video) ref count == 1
bitmap   D             bitmap.c:874  _al_convert_to_memory_bitmap     [  27.03983] converting display bitmap 0266D0E0 to memory bitmap
d3d      D          d3d_bmp.cpp:455  _al_d3d_sync_bitmap              [  27.04038] _al_d3d_sync_bitmap (system) ref count == 1
d3d      D          d3d_bmp.cpp:460  _al_d3d_sync_bitmap              [  27.04044] _al_d3d_sync_bitmap (video) ref count == 1
bitmap   D             bitmap.c:874  _al_convert_to_memory_bitmap     [  27.04062] converting display bitmap 0266CF70 to memory bitmap
d3d      D          d3d_bmp.cpp:455  _al_d3d_sync_bitmap              [  27.04191] _al_d3d_sync_bitmap (system) ref count == 1
d3d      D          d3d_bmp.cpp:460  _al_d3d_sync_bitmap              [  27.04198] _al_d3d_sync_bitmap (video) ref count == 1
bitmap   D             bitmap.c:874  _al_convert_to_memory_bitmap     [  27.04293] converting display bitmap 0266CE70 to memory bitmap
d3d      D          d3d_bmp.cpp:455  _al_d3d_sync_bitmap              [  27.04412] _al_d3d_sync_bitmap (system) ref count == 1
d3d      D          d3d_bmp.cpp:460  _al_d3d_sync_bitmap              [  27.04422] _al_d3d_sync_bitmap (video) ref count == 1
bitmap   D             bitmap.c:874  _al_convert_to_memory_bitmap     [  27.04512] converting display bitmap 0266CD70 to memory bitmap
d3d      D          d3d_bmp.cpp:455  _al_d3d_sync_bitmap              [  27.04836] _al_d3d_sync_bitmap (system) ref count == 1
d3d      D          d3d_bmp.cpp:460  _al_d3d_sync_bitmap              [  27.04847] _al_d3d_sync_bitmap (video) ref count == 1
d3d      D         d3d_disp.cpp:904  d3d_destroy_display_internals    [  27.04972] waiting for display 0279A238's thread to end
d3d      W         d3d_disp.cpp:616  d3d_destroy_device               [  27.06019] d3d_destroy_device: ref count not 0
d3d      I         d3d_disp.cpp:1522 d3d_display_thread_proc          [  27.08147] d3d display thread exits
dtor     D               dtor.c:114  _al_run_destructors              [  27.08241] calling dtor for object 0266CAC0, func 665E24DC
dtor     D               dtor.c:214  _al_unregister_destructor        [  27.08957] removed dtor for object 0266CAC0
dtor     D               dtor.c:114  _al_run_destructors              [  27.08964] calling dtor for object 026EC7F0, func 665E259F
dtor     D               dtor.c:214  _al_unregister_destructor        [  27.08969] removed dtor for object 026EC7F0
dtor     D               dtor.c:114  _al_run_destructors              [  27.08973] calling dtor for object 026E8650, func 665E259F
dtor     D               dtor.c:214  _al_unregister_destructor        [  27.08977] removed dtor for object 026E8650
dtor     D               dtor.c:114  _al_run_destructors              [  27.08981] calling dtor for object 026E8310, func 665E259F
dtor     D               dtor.c:214  _al_unregister_destructor        [  27.08985] removed dtor for object 026E8310
dtor     D               dtor.c:114  _al_run_destructors              [  27.08994] calling dtor for object 026E8160, func 665E259F
dtor     D               dtor.c:214  _al_unregister_destructor        [  27.08999] removed dtor for object 026E8160
dtor     D               dtor.c:114  _al_run_destructors              [  27.09023] calling dtor for object 026E8060, func 665E259F
dtor     D               dtor.c:214  _al_unregister_destructor        [  27.09028] removed dtor for object 026E8060
dtor     D               dtor.c:114  _al_run_destructors              [  27.09053] calling dtor for object 0266DDC0, func 665E259F
dtor     D               dtor.c:214  _al_unregister_destructor        [  27.09057] removed dtor for object 0266DDC0
dtor     D               dtor.c:114  _al_run_destructors              [  27.09078] calling dtor for object 0266D0E0, func 665E259F
dtor     D               dtor.c:214  _al_unregister_destructor        [  27.09083] removed dtor for object 0266D0E0
dtor     D               dtor.c:114  _al_run_destructors              [  27.09087] calling dtor for object 0266CF70, func 665E259F
dtor     D               dtor.c:214  _al_unregister_destructor        [  27.09091] removed dtor for object 0266CF70
dtor     D               dtor.c:114  _al_run_destructors              [  27.09122] calling dtor for object 0266CE70, func 665E259F
dtor     D               dtor.c:214  _al_unregister_destructor        [  27.09126] removed dtor for object 0266CE70
dtor     D               dtor.c:114  _al_run_destructors              [  27.09159] calling dtor for object 0266CD70, func 665E259F
dtor     D               dtor.c:214  _al_unregister_destructor        [  27.09164] removed dtor for object 0266CD70
dtor     D               dtor.c:114  _al_run_destructors              [  27.09210] calling dtor for object 02649BC0, func 665E1B63
dtor     D               dtor.c:214  _al_unregister_destructor        [  27.09218] removed dtor for object 02649BC0
dtor     D               dtor.c:114  _al_run_destructors              [  27.09257] calling dtor for object 02798EB8, func 665E1B63
dtor     D               dtor.c:214  _al_unregister_destructor        [  27.09264] removed dtor for object 02798EB8
